cnt : 0, dir : 0

8 32 0 0 
4 2 64 0 
16 0 0 0 
16 64 4 0 

cnt : 1, dir : 0

8 32 0 0 
4 2 64 0 
16 0 0 0 
16 64 4 0 

cnt : 2, dir : 0

8 32 0 0 
4 2 64 0 
16 0 0 0 
16 64 4 0 

cnt : 3, dir : 0

8 32 0 0 
4 2 64 0 
16 0 0 0 
16 64 4 0 

cnt : 4, dir : 0

8 32 0 0 
4 2 64 0 
16 0 0 0 
16 64 4 0 

cnt : 4, dir : 1

0 8 0 32 
0 4 2 64 
0 0 0 16 
0 16 64 4 

cnt : 4, dir : 2

8 32 64 0 
4 2 4 0 
32 64 0 0 
0 0 0 0 

cnt : 4, dir : 3

0 0 0 0 
8 32 0 0 
4 2 64 0 
32 64 4 0 

cnt : 3, dir : 1

0 8 0 32 
0 4 2 64 
0 0 0 16 
0 16 64 4 

cnt : 4, dir : 0

8 32 0 0 
4 2 64 0 
16 0 0 0 
16 64 4 0 

cnt : 4, dir : 1

0 0 8 32 
0 4 2 64 
0 0 0 16 
0 16 64 4 

cnt : 4, dir : 2

0 8 2 32 
0 4 64 64 
0 16 0 16 
0 0 0 4 

cnt : 4, dir : 3

0 0 0 32 
0 8 0 64 
0 4 2 16 
0 16 64 4 

cnt : 3, dir : 2

8 32 64 0 
4 2 4 0 
32 64 0 0 
0 0 0 0 

cnt : 4, dir : 0

8 32 64 0 
4 2 4 0 
32 64 0 0 
0 0 0 0 

cnt : 4, dir : 1

0 8 32 64 
0 4 2 4 
0 32 0 64 
0 0 0 0 

cnt : 4, dir : 2

8 32 64 0 
4 2 4 0 
32 64 0 0 
0 0 0 0 

cnt : 4, dir : 3

0 0 0 0 
8 32 64 0 
4 2 0 0 
32 64 4 0 

cnt : 3, dir : 3

0 0 0 0 
8 32 0 0 
4 2 64 0 
32 64 4 0 

cnt : 4, dir : 0

0 0 0 0 
8 32 0 0 
4 2 64 0 
32 64 4 0 

cnt : 4, dir : 1

0 0 0 0 
0 8 0 32 
0 4 2 64 
0 32 64 4 

cnt : 4, dir : 2

8 32 64 0 
4 2 0 0 
32 64 4 0 
0 0 0 0 

cnt : 4, dir : 3

0 0 0 0 
8 32 0 0 
4 2 64 0 
32 64 4 0 

cnt : 2, dir : 1

0 8 0 32 
0 4 2 64 
0 0 0 16 
0 16 64 4 

cnt : 3, dir : 0

8 32 0 0 
4 2 64 0 
16 0 0 0 
16 64 4 0 

cnt : 4, dir : 0

8 32 0 0 
4 2 64 0 
16 0 0 0 
16 64 4 0 

cnt : 4, dir : 1

0 8 0 32 
0 4 2 64 
0 0 0 16 
0 16 64 4 

cnt : 4, dir : 2

8 32 64 0 
4 2 4 0 
32 64 0 0 
0 0 0 0 

cnt : 4, dir : 3

0 0 0 0 
8 32 0 0 
4 2 64 0 
32 64 4 0 

cnt : 3, dir : 1

0 0 8 32 
0 4 2 64 
0 0 0 16 
0 16 64 4 

cnt : 4, dir : 0

8 0 32 0 
4 2 64 0 
16 0 0 0 
16 64 4 0 

cnt : 4, dir : 1

0 0 8 32 
0 4 2 64 
0 0 0 16 
0 16 64 4 

cnt : 4, dir : 2

0 4 8 32 
0 16 2 64 
0 0 64 16 
0 0 0 4 

cnt : 4, dir : 3

0 0 0 32 
0 0 8 64 
0 4 2 16 
0 16 64 4 

cnt : 3, dir : 2

0 8 2 32 
0 4 64 64 
0 16 0 16 
0 0 0 4 

cnt : 4, dir : 0

8 2 32 0 
4 128 0 0 
32 0 0 0 
4 0 0 0 

cnt : 4, dir : 1

0 8 2 32 
0 0 4 128 
0 0 0 32 
0 0 0 4 

cnt : 4, dir : 2

0 8 2 32 
0 4 64 64 
0 16 0 16 
0 0 0 4 

cnt : 4, dir : 3

0 0 0 32 
0 8 2 64 
0 4 0 16 
0 16 64 4 

cnt : 3, dir : 3

0 0 0 32 
0 8 0 64 
0 4 2 16 
0 16 64 4 

cnt : 4, dir : 0

32 0 0 0 
8 64 0 0 
4 2 16 0 
16 64 4 0 

cnt : 4, dir : 1

0 0 0 32 
0 0 8 64 
0 4 2 16 
0 16 64 4 

cnt : 4, dir : 2

0 8 2 32 
0 4 0 64 
0 16 64 16 
0 0 0 4 

cnt : 4, dir : 3

0 0 0 32 
0 8 0 64 
0 4 2 16 
0 16 64 4 

cnt : 2, dir : 2

8 32 64 0 
4 2 4 0 
32 64 0 0 
0 0 0 0 

cnt : 3, dir : 0

8 32 64 0 
4 2 4 0 
32 64 0 0 
0 0 0 0 

cnt : 4, dir : 0

8 32 64 0 
4 2 4 0 
32 64 0 0 
0 0 0 0 

cnt : 4, dir : 1

0 8 32 64 
0 4 2 4 
0 32 0 64 
0 0 0 0 

cnt : 4, dir : 2

8 32 64 0 
4 2 4 0 
32 64 0 0 
0 0 0 0 

cnt : 4, dir : 3

0 0 0 0 
8 32 64 0 
4 2 0 0 
32 64 4 0 

cnt : 3, dir : 1

0 8 32 64 
0 4 2 4 
0 32 0 64 
0 0 0 0 

cnt : 4, dir : 0

8 32 64 0 
4 2 4 0 
32 64 0 0 
0 0 0 0 

cnt : 4, dir : 1

0 8 32 64 
0 4 2 4 
0 0 32 64 
0 0 0 0 

cnt : 4, dir : 2

0 8 32 64 
0 4 2 4 
0 32 0 64 
0 0 0 0 

cnt : 4, dir : 3

0 0 0 0 
0 8 32 64 
0 4 0 4 
0 32 2 64 

cnt : 3, dir : 2

8 32 64 0 
4 2 4 0 
32 64 0 0 
0 0 0 0 

cnt : 4, dir : 0

8 32 64 0 
4 2 4 0 
32 64 0 0 
0 0 0 0 

cnt : 4, dir : 1

0 8 32 64 
0 4 2 4 
0 32 0 64 
0 0 0 0 

cnt : 4, dir : 2

8 32 64 0 
4 2 4 0 
32 64 0 0 
0 0 0 0 

cnt : 4, dir : 3

0 0 0 0 
8 32 64 0 
4 2 0 0 
32 64 4 0 

cnt : 3, dir : 3

0 0 0 0 
8 32 64 0 
4 2 0 0 
32 64 4 0 

cnt : 4, dir : 0

0 0 0 0 
8 32 64 0 
4 2 0 0 
32 64 4 0 

cnt : 4, dir : 1

0 0 0 0 
0 8 32 64 
0 4 0 2 
0 32 64 4 

cnt : 4, dir : 2

8 32 64 0 
4 2 4 0 
32 64 0 0 
0 0 0 0 

cnt : 4, dir : 3

0 0 0 0 
8 32 0 0 
4 2 64 0 
32 64 4 0 

cnt : 2, dir : 3

0 0 0 0 
8 32 0 0 
4 2 64 0 
32 64 4 0 

cnt : 3, dir : 0

0 0 0 0 
8 32 0 0 
4 2 64 0 
32 64 4 0 

cnt : 4, dir : 0

0 0 0 0 
8 32 0 0 
4 2 64 0 
32 64 4 0 

cnt : 4, dir : 1

0 0 0 0 
0 8 0 32 
0 4 2 64 
0 32 64 4 

cnt : 4, dir : 2

8 32 64 0 
4 2 0 0 
32 64 4 0 
0 0 0 0 

cnt : 4, dir : 3

0 0 0 0 
8 32 0 0 
4 2 64 0 
32 64 4 0 

cnt : 3, dir : 1

0 0 0 0 
0 8 0 32 
0 4 2 64 
0 32 64 4 

cnt : 4, dir : 0

0 0 0 0 
8 32 0 0 
4 2 64 0 
32 64 4 0 

cnt : 4, dir : 1

0 0 0 0 
0 0 8 32 
0 4 2 64 
0 32 64 4 

cnt : 4, dir : 2

0 8 2 32 
0 4 0 64 
0 32 64 4 
0 0 0 0 

cnt : 4, dir : 3

0 0 0 0 
0 8 0 32 
0 4 2 64 
0 32 64 4 

cnt : 3, dir : 2

8 32 64 0 
4 2 0 0 
32 64 4 0 
0 0 0 0 

cnt : 4, dir : 0

8 32 64 0 
4 2 0 0 
32 64 4 0 
0 0 0 0 

cnt : 4, dir : 1

0 8 32 64 
0 4 0 2 
0 32 64 4 
0 0 0 0 

cnt : 4, dir : 2

8 32 64 0 
4 2 4 0 
32 64 0 0 
0 0 0 0 

cnt : 4, dir : 3

0 0 0 0 
8 32 0 0 
4 2 64 0 
32 64 4 0 

cnt : 3, dir : 3

0 0 0 0 
8 32 0 0 
4 2 64 0 
32 64 4 0 

cnt : 4, dir : 0

0 0 0 0 
8 32 0 0 
4 2 64 0 
32 64 4 0 

cnt : 4, dir : 1

0 0 0 0 
0 8 0 32 
0 4 2 64 
0 32 64 4 

cnt : 4, dir : 2

8 32 64 0 
4 2 0 0 
32 64 4 0 
0 0 0 0 

cnt : 4, dir : 3

0 0 0 0 
8 32 0 0 
4 2 64 0 
32 64 4 0 

cnt : 1, dir : 1

0 8 0 32 
0 4 2 64 
0 0 0 16 
0 16 64 4 

cnt : 2, dir : 0

8 32 0 0 
4 2 64 0 
16 0 0 0 
16 64 4 0 

cnt : 3, dir : 0

8 32 0 0 
4 2 64 0 
16 0 0 0 
16 64 4 0 

cnt : 4, dir : 0

8 32 0 0 
4 2 64 0 
16 0 0 0 
16 64 4 0 

cnt : 4, dir : 1

0 8 0 32 
0 4 2 64 
0 0 0 16 
0 16 64 4 

cnt : 4, dir : 2

8 32 64 0 
4 2 4 0 
32 64 0 0 
0 0 0 0 

cnt : 4, dir : 3

0 0 0 0 
8 32 0 0 
4 2 64 0 
32 64 4 0 

cnt : 3, dir : 1

0 8 0 32 
0 4 2 64 
0 0 0 16 
0 16 64 4 

cnt : 4, dir : 0

8 32 0 0 
4 2 64 0 
16 0 0 0 
16 64 4 0 

cnt : 4, dir : 1

0 0 8 32 
0 4 2 64 
0 0 0 16 
0 16 64 4 

cnt : 4, dir : 2

0 8 2 32 
0 4 64 64 
0 16 0 16 
0 0 0 4 

cnt : 4, dir : 3

0 0 0 32 
0 8 0 64 
0 4 2 16 
0 16 64 4 

cnt : 3, dir : 2

8 32 64 0 
4 2 4 0 
32 64 0 0 
0 0 0 0 

cnt : 4, dir : 0

8 32 64 0 
4 2 4 0 
32 64 0 0 
0 0 0 0 

cnt : 4, dir : 1

0 8 32 64 
0 4 2 4 
0 32 0 64 
0 0 0 0 

cnt : 4, dir : 2

8 32 64 0 
4 2 4 0 
32 64 0 0 
0 0 0 0 

cnt : 4, dir : 3

0 0 0 0 
8 32 64 0 
4 2 0 0 
32 64 4 0 

cnt : 3, dir : 3

0 0 0 0 
8 32 0 0 
4 2 64 0 
32 64 4 0 

cnt : 4, dir : 0

0 0 0 0 
8 32 0 0 
4 2 64 0 
32 64 4 0 

cnt : 4, dir : 1

0 0 0 0 
0 8 0 32 
0 4 2 64 
0 32 64 4 

cnt : 4, dir : 2

8 32 64 0 
4 2 0 0 
32 64 4 0 
0 0 0 0 

cnt : 4, dir : 3

0 0 0 0 
8 32 0 0 
4 2 64 0 
32 64 4 0 

cnt : 2, dir : 1

0 0 8 32 
0 4 2 64 
0 0 0 16 
0 16 64 4 

cnt : 3, dir : 0

8 0 32 0 
4 2 64 0 
16 0 0 0 
16 64 4 0 

cnt : 4, dir : 0

8 32 0 0 
4 2 64 0 
16 0 0 0 
16 64 4 0 

cnt : 4, dir : 1

0 0 8 32 
0 4 2 64 
0 0 0 16 
0 16 64 4 

cnt : 4, dir : 2

8 2 32 0 
4 64 64 0 
32 0 4 0 
0 0 0 0 

cnt : 4, dir : 3

0 0 0 0 
8 0 32 0 
4 2 64 0 
32 64 4 0 

cnt : 3, dir : 1

0 0 8 32 
0 4 2 64 
0 0 0 16 
0 16 64 4 

cnt : 4, dir : 0

8 0 32 0 
4 2 64 0 
16 0 0 0 
16 64 4 0 

cnt : 4, dir : 1

0 0 8 32 
0 4 2 64 
0 0 0 16 
0 16 64 4 

cnt : 4, dir : 2

0 4 8 32 
0 16 2 64 
0 0 64 16 
0 0 0 4 

cnt : 4, dir : 3

0 0 0 32 
0 0 8 64 
0 4 2 16 
0 16 64 4 

cnt : 3, dir : 2

0 4 8 32 
0 16 2 64 
0 0 64 16 
0 0 0 4 

cnt : 4, dir : 0

4 8 32 0 
16 2 64 0 
64 0 16 0 
4 0 0 0 

cnt : 4, dir : 1

0 4 8 32 
0 16 2 64 
0 0 64 16 
0 0 0 4 

cnt : 4, dir : 2

0 4 8 32 
0 16 2 64 
0 0 64 16 
0 0 0 4 

cnt : 4, dir : 3

0 0 0 32 
0 4 8 64 
0 0 2 16 
0 16 64 4 

cnt : 3, dir : 3

0 0 0 32 
0 0 8 64 
0 4 2 16 
0 16 64 4 

cnt : 4, dir : 0

32 0 0 0 
8 0 64 0 
4 2 16 0 
16 64 4 0 

cnt : 4, dir : 1

0 0 0 32 
0 0 8 64 
0 4 2 16 
0 16 64 4 

cnt : 4, dir : 2

0 4 8 32 
0 0 2 64 
0 16 64 16 
0 0 0 4 

cnt : 4, dir : 3

0 0 0 32 
0 0 8 64 
0 4 2 16 
0 16 64 4 

cnt : 2, dir : 2

0 8 2 32 
0 4 64 64 
0 16 0 16 
0 0 0 4 

cnt : 3, dir : 0

8 2 32 0 
4 128 0 0 
32 0 0 0 
4 0 0 0 

cnt : 4, dir : 0

8 2 32 0 
4 128 0 0 
32 0 0 0 
4 0 0 0 

cnt : 4, dir : 1

0 8 2 32 
0 4 0 128 
0 0 0 32 
0 0 0 4 

cnt : 4, dir : 2

8 2 32 0 
4 128 0 0 
32 0 0 0 
4 0 0 0 

cnt : 4, dir : 3

8 0 0 0 
4 2 0 0 
32 0 0 0 
4 128 32 0 

cnt : 3, dir : 1

0 8 2 32 
0 0 4 128 
0 0 0 32 
0 0 0 4 

cnt : 4, dir : 0

8 2 32 0 
4 0 128 0 
32 0 0 0 
4 0 0 0 

cnt : 4, dir : 1

0 8 2 32 
0 0 4 128 
0 0 0 32 
0 0 0 4 

cnt : 4, dir : 2

0 8 2 32 
0 0 4 128 
0 0 0 32 
0 0 0 4 

cnt : 4, dir : 3

0 0 0 32 
0 0 2 128 
0 0 0 32 
0 8 4 4 

cnt : 3, dir : 2

0 8 2 32 
0 4 64 64 
0 16 0 16 
0 0 0 4 

cnt : 4, dir : 0

8 2 32 0 
4 128 0 0 
32 0 0 0 
4 0 0 0 

cnt : 4, dir : 1

0 8 2 32 
0 0 4 128 
0 0 0 32 
0 0 0 4 

cnt : 4, dir : 2

0 8 2 32 
0 4 64 64 
0 16 0 16 
0 0 0 4 

cnt : 4, dir : 3

0 0 0 32 
0 8 2 64 
0 4 0 16 
0 16 64 4 

cnt : 3, dir : 3

0 0 0 32 
0 8 2 64 
0 4 0 16 
0 16 64 4 

cnt : 4, dir : 0

32 0 0 0 
8 2 64 0 
4 16 0 0 
16 64 4 0 

cnt : 4, dir : 1

0 0 0 32 
0 8 2 64 
0 0 4 16 
0 16 64 4 

cnt : 4, dir : 2

0 8 2 32 
0 4 64 64 
0 16 0 16 
0 0 0 4 

cnt : 4, dir : 3

0 0 0 32 
0 8 0 64 
0 4 2 16 
0 16 64 4 

cnt : 2, dir : 3

0 0 0 32 
0 8 0 64 
0 4 2 16 
0 16 64 4 

cnt : 3, dir : 0

32 0 0 0 
8 64 0 0 
4 2 16 0 
16 64 4 0 

cnt : 4, dir : 0

32 0 0 0 
8 64 0 0 
4 2 16 0 
16 64 4 0 

cnt : 4, dir : 1

0 0 0 32 
0 8 0 64 
0 4 2 16 
0 16 64 4 

cnt : 4, dir : 2

32 64 16 0 
8 2 0 0 
4 64 4 0 
16 0 0 0 

cnt : 4, dir : 3

32 0 0 0 
8 64 0 0 
4 2 16 0 
16 64 4 0 

cnt : 3, dir : 1

0 0 0 32 
0 0 8 64 
0 4 2 16 
0 16 64 4 

cnt : 4, dir : 0

32 0 0 0 
8 0 64 0 
4 2 16 0 
16 64 4 0 

cnt : 4, dir : 1

0 0 0 32 
0 0 8 64 
0 4 2 16 
0 16 64 4 

cnt : 4, dir : 2

0 4 8 32 
0 0 2 64 
0 16 64 16 
0 0 0 4 

cnt : 4, dir : 3

0 0 0 32 
0 0 8 64 
0 4 2 16 
0 16 64 4 

cnt : 3, dir : 2

0 8 2 32 
0 4 0 64 
0 16 64 16 
0 0 0 4 

cnt : 4, dir : 0

8 2 32 0 
4 64 0 0 
16 64 16 0 
4 0 0 0 

cnt : 4, dir : 1

0 8 2 32 
0 0 4 64 
0 16 64 16 
0 0 0 4 

cnt : 4, dir : 2

0 8 2 32 
0 4 64 64 
0 16 0 16 
0 0 0 4 

cnt : 4, dir : 3

0 0 0 32 
0 8 0 64 
0 4 2 16 
0 16 64 4 

cnt : 3, dir : 3

0 0 0 32 
0 8 0 64 
0 4 2 16 
0 16 64 4 

cnt : 4, dir : 0

32 0 0 0 
8 64 0 0 
4 2 16 0 
16 64 4 0 

cnt : 4, dir : 1

0 0 0 32 
0 0 8 64 
0 4 2 16 
0 16 64 4 

cnt : 4, dir : 2

0 8 2 32 
0 4 0 64 
0 16 64 16 
0 0 0 4 

cnt : 4, dir : 3

0 0 0 32 
0 8 0 64 
0 4 2 16 
0 16 64 4 

cnt : 1, dir : 2

8 32 64 0 
4 2 4 0 
32 64 0 0 
0 0 0 0 

cnt : 2, dir : 0

8 32 64 0 
4 2 4 0 
32 64 0 0 
0 0 0 0 

cnt : 3, dir : 0

8 32 64 0 
4 2 4 0 
32 64 0 0 
0 0 0 0 

cnt : 4, dir : 0

8 32 64 0 
4 2 4 0 
32 64 0 0 
0 0 0 0 

cnt : 4, dir : 1

0 8 32 64 
0 4 2 4 
0 32 0 64 
0 0 0 0 

cnt : 4, dir : 2

8 32 64 0 
4 2 4 0 
32 64 0 0 
0 0 0 0 

cnt : 4, dir : 3

0 0 0 0 
8 32 64 0 
4 2 0 0 
32 64 4 0 

cnt : 3, dir : 1

0 8 32 64 
0 4 2 4 
0 32 0 64 
0 0 0 0 

cnt : 4, dir : 0

8 32 64 0 
4 2 4 0 
32 64 0 0 
0 0 0 0 

cnt : 4, dir : 1

0 8 32 64 
0 4 2 4 
0 0 32 64 
0 0 0 0 

cnt : 4, dir : 2

0 8 32 64 
0 4 2 4 
0 32 0 64 
0 0 0 0 

cnt : 4, dir : 3

0 0 0 0 
0 8 32 64 
0 4 0 4 
0 32 2 64 

cnt : 3, dir : 2

8 32 64 0 
4 2 4 0 
32 64 0 0 
0 0 0 0 

cnt : 4, dir : 0

8 32 64 0 
4 2 4 0 
32 64 0 0 
0 0 0 0 

cnt : 4, dir : 1

0 8 32 64 
0 4 2 4 
0 32 0 64 
0 0 0 0 

cnt : 4, dir : 2

8 32 64 0 
4 2 4 0 
32 64 0 0 
0 0 0 0 

cnt : 4, dir : 3

0 0 0 0 
8 32 64 0 
4 2 0 0 
32 64 4 0 

cnt : 3, dir : 3

0 0 0 0 
8 32 64 0 
4 2 0 0 
32 64 4 0 

cnt : 4, dir : 0

0 0 0 0 
8 32 64 0 
4 2 0 0 
32 64 4 0 

cnt : 4, dir : 1

0 0 0 0 
0 8 32 64 
0 4 0 2 
0 32 64 4 

cnt : 4, dir : 2

8 32 64 0 
4 2 4 0 
32 64 0 0 
0 0 0 0 

cnt : 4, dir : 3

0 0 0 0 
8 32 0 0 
4 2 64 0 
32 64 4 0 

cnt : 2, dir : 1

0 8 32 64 
0 4 2 4 
0 32 0 64 
0 0 0 0 

cnt : 3, dir : 0

8 32 64 0 
4 2 4 0 
32 64 0 0 
0 0 0 0 

cnt : 4, dir : 0

8 32 64 0 
4 2 4 0 
32 64 0 0 
0 0 0 0 

cnt : 4, dir : 1

0 8 32 64 
0 4 2 4 
0 32 0 64 
0 0 0 0 

cnt : 4, dir : 2

8 32 64 0 
4 2 4 0 
32 64 0 0 
0 0 0 0 

cnt : 4, dir : 3

0 0 0 0 
8 32 64 0 
4 2 0 0 
32 64 4 0 

cnt : 3, dir : 1

0 8 32 64 
0 4 2 4 
0 0 32 64 
0 0 0 0 

cnt : 4, dir : 0

8 32 64 0 
4 2 4 0 
32 0 64 0 
0 0 0 0 

cnt : 4, dir : 1

0 8 32 64 
0 4 2 4 
0 0 32 64 
0 0 0 0 

cnt : 4, dir : 2

0 8 32 64 
0 4 2 4 
0 0 32 64 
0 0 0 0 

cnt : 4, dir : 3

0 0 0 0 
0 8 32 64 
0 0 2 4 
0 4 32 64 

cnt : 3, dir : 2

0 8 32 64 
0 4 2 4 
0 32 0 64 
0 0 0 0 

cnt : 4, dir : 0

8 32 64 0 
4 2 4 0 
32 64 0 0 
0 0 0 0 

cnt : 4, dir : 1

0 8 32 64 
0 4 2 4 
0 0 32 64 
0 0 0 0 

cnt : 4, dir : 2

0 8 32 64 
0 4 2 4 
0 32 0 64 
0 0 0 0 

cnt : 4, dir : 3

0 0 0 0 
0 8 32 64 
0 4 0 4 
0 32 2 64 

cnt : 3, dir : 3

0 0 0 0 
0 8 32 64 
0 4 0 4 
0 32 2 64 

cnt : 4, dir : 0

0 0 0 0 
8 32 64 0 
8 0 0 0 
32 2 64 0 

cnt : 4, dir : 1

0 0 0 0 
0 8 32 64 
0 0 0 8 
0 32 2 64 

cnt : 4, dir : 2

0 8 32 64 
0 4 2 4 
0 32 0 64 
0 0 0 0 

cnt : 4, dir : 3

0 0 0 0 
0 8 0 64 
0 4 32 4 
0 32 2 64 

cnt : 2, dir : 2

8 32 64 0 
4 2 4 0 
32 64 0 0 
0 0 0 0 

cnt : 3, dir : 0

8 32 64 0 
4 2 4 0 
32 64 0 0 
0 0 0 0 

cnt : 4, dir : 0

8 32 64 0 
4 2 4 0 
32 64 0 0 
0 0 0 0 

cnt : 4, dir : 1

0 8 32 64 
0 4 2 4 
0 32 0 64 
0 0 0 0 

cnt : 4, dir : 2

8 32 64 0 
4 2 4 0 
32 64 0 0 
0 0 0 0 

cnt : 4, dir : 3

0 0 0 0 
8 32 64 0 
4 2 0 0 
32 64 4 0 

cnt : 3, dir : 1

0 8 32 64 
0 4 2 4 
0 32 0 64 
0 0 0 0 

cnt : 4, dir : 0

8 32 64 0 
4 2 4 0 
32 64 0 0 
0 0 0 0 

cnt : 4, dir : 1

0 8 32 64 
0 4 2 4 
0 0 32 64 
0 0 0 0 

cnt : 4, dir : 2

0 8 32 64 
0 4 2 4 
0 32 0 64 
0 0 0 0 

cnt : 4, dir : 3

0 0 0 0 
0 8 32 64 
0 4 0 4 
0 32 2 64 

cnt : 3, dir : 2

8 32 64 0 
4 2 4 0 
32 64 0 0 
0 0 0 0 

cnt : 4, dir : 0

8 32 64 0 
4 2 4 0 
32 64 0 0 
0 0 0 0 

cnt : 4, dir : 1

0 8 32 64 
0 4 2 4 
0 32 0 64 
0 0 0 0 

cnt : 4, dir : 2

8 32 64 0 
4 2 4 0 
32 64 0 0 
0 0 0 0 

cnt : 4, dir : 3

0 0 0 0 
8 32 64 0 
4 2 0 0 
32 64 4 0 

cnt : 3, dir : 3

0 0 0 0 
8 32 64 0 
4 2 0 0 
32 64 4 0 

cnt : 4, dir : 0

0 0 0 0 
8 32 64 0 
4 2 0 0 
32 64 4 0 

cnt : 4, dir : 1

0 0 0 0 
0 8 32 64 
0 4 0 2 
0 32 64 4 

cnt : 4, dir : 2

8 32 64 0 
4 2 4 0 
32 64 0 0 
0 0 0 0 

cnt : 4, dir : 3

0 0 0 0 
8 32 0 0 
4 2 64 0 
32 64 4 0 

cnt : 2, dir : 3

0 0 0 0 
8 32 64 0 
4 2 0 0 
32 64 4 0 

cnt : 3, dir : 0

0 0 0 0 
8 32 64 0 
4 2 0 0 
32 64 4 0 

cnt : 4, dir : 0

0 0 0 0 
8 32 64 0 
4 2 0 0 
32 64 4 0 

cnt : 4, dir : 1

0 0 0 0 
0 8 32 64 
0 4 0 2 
0 32 64 4 

cnt : 4, dir : 2

8 32 64 0 
4 2 4 0 
32 64 0 0 
0 0 0 0 

cnt : 4, dir : 3

0 0 0 0 
8 32 0 0 
4 2 64 0 
32 64 4 0 

cnt : 3, dir : 1

0 0 0 0 
0 8 32 64 
0 4 0 2 
0 32 64 4 

cnt : 4, dir : 0

0 0 0 0 
8 32 64 0 
4 2 0 0 
32 64 4 0 

cnt : 4, dir : 1

0 0 0 0 
0 8 32 64 
0 0 4 2 
0 32 64 4 

cnt : 4, dir : 2

0 8 32 64 
0 4 64 2 
0 32 0 4 
0 0 0 0 

cnt : 4, dir : 3

0 0 0 0 
0 8 0 64 
0 4 32 2 
0 32 64 4 

cnt : 3, dir : 2

8 32 64 0 
4 2 4 0 
32 64 0 0 
0 0 0 0 

cnt : 4, dir : 0

8 32 64 0 
4 2 4 0 
32 64 0 0 
0 0 0 0 

cnt : 4, dir : 1

0 8 32 64 
0 4 2 4 
0 32 0 64 
0 0 0 0 

cnt : 4, dir : 2

8 32 64 0 
4 2 4 0 
32 64 0 0 
0 0 0 0 

cnt : 4, dir : 3

0 0 0 0 
8 32 64 0 
4 2 0 0 
32 64 4 0 

cnt : 3, dir : 3

0 0 0 0 
8 32 0 0 
4 2 64 0 
32 64 4 0 

cnt : 4, dir : 0

0 0 0 0 
8 32 0 0 
4 2 64 0 
32 64 4 0 

cnt : 4, dir : 1

0 0 0 0 
0 8 0 32 
0 4 2 64 
0 32 64 4 

cnt : 4, dir : 2

8 32 64 0 
4 2 0 0 
32 64 4 0 
0 0 0 0 

cnt : 4, dir : 3

0 0 0 0 
8 32 0 0 
4 2 64 0 
32 64 4 0 

cnt : 1, dir : 3

0 0 0 0 
8 32 0 0 
4 2 64 0 
32 64 4 0 

cnt : 2, dir : 0

0 0 0 0 
8 32 0 0 
4 2 64 0 
32 64 4 0 

cnt : 3, dir : 0

0 0 0 0 
8 32 0 0 
4 2 64 0 
32 64 4 0 

cnt : 4, dir : 0

0 0 0 0 
8 32 0 0 
4 2 64 0 
32 64 4 0 

cnt : 4, dir : 1

0 0 0 0 
0 8 0 32 
0 4 2 64 
0 32 64 4 

cnt : 4, dir : 2

8 32 64 0 
4 2 0 0 
32 64 4 0 
0 0 0 0 

cnt : 4, dir : 3

0 0 0 0 
8 32 0 0 
4 2 64 0 
32 64 4 0 

cnt : 3, dir : 1

0 0 0 0 
0 8 0 32 
0 4 2 64 
0 32 64 4 

cnt : 4, dir : 0

0 0 0 0 
8 32 0 0 
4 2 64 0 
32 64 4 0 

cnt : 4, dir : 1

0 0 0 0 
0 0 8 32 
0 4 2 64 
0 32 64 4 

cnt : 4, dir : 2

0 8 2 32 
0 4 0 64 
0 32 64 4 
0 0 0 0 

cnt : 4, dir : 3

0 0 0 0 
0 8 0 32 
0 4 2 64 
0 32 64 4 

cnt : 3, dir : 2

8 32 64 0 
4 2 0 0 
32 64 4 0 
0 0 0 0 

cnt : 4, dir : 0

8 32 64 0 
4 2 0 0 
32 64 4 0 
0 0 0 0 

cnt : 4, dir : 1

0 8 32 64 
0 4 0 2 
0 32 64 4 
0 0 0 0 

cnt : 4, dir : 2

8 32 64 0 
4 2 4 0 
32 64 0 0 
0 0 0 0 

cnt : 4, dir : 3

0 0 0 0 
8 32 0 0 
4 2 64 0 
32 64 4 0 

cnt : 3, dir : 3

0 0 0 0 
8 32 0 0 
4 2 64 0 
32 64 4 0 

cnt : 4, dir : 0

0 0 0 0 
8 32 0 0 
4 2 64 0 
32 64 4 0 

cnt : 4, dir : 1

0 0 0 0 
0 8 0 32 
0 4 2 64 
0 32 64 4 

cnt : 4, dir : 2

8 32 64 0 
4 2 0 0 
32 64 4 0 
0 0 0 0 

cnt : 4, dir : 3

0 0 0 0 
8 32 0 0 
4 2 64 0 
32 64 4 0 

cnt : 2, dir : 1

0 0 0 0 
0 8 0 32 
0 4 2 64 
0 32 64 4 

cnt : 3, dir : 0

0 0 0 0 
8 32 0 0 
4 2 64 0 
32 64 4 0 

cnt : 4, dir : 0

0 0 0 0 
8 32 0 0 
4 2 64 0 
32 64 4 0 

cnt : 4, dir : 1

0 0 0 0 
0 8 0 32 
0 4 2 64 
0 32 64 4 

cnt : 4, dir : 2

8 32 64 0 
4 2 0 0 
32 64 4 0 
0 0 0 0 

cnt : 4, dir : 3

0 0 0 0 
8 32 0 0 
4 2 64 0 
32 64 4 0 

cnt : 3, dir : 1

0 0 0 0 
0 0 8 32 
0 4 2 64 
0 32 64 4 

cnt : 4, dir : 0

0 0 0 0 
8 0 32 0 
4 2 64 0 
32 64 4 0 

cnt : 4, dir : 1

0 0 0 0 
0 0 8 32 
0 4 2 64 
0 32 64 4 

cnt : 4, dir : 2

0 4 8 32 
0 0 2 64 
0 32 64 4 
0 0 0 0 

cnt : 4, dir : 3

0 0 0 0 
0 0 8 32 
0 4 2 64 
0 32 64 4 

cnt : 3, dir : 2

0 8 2 32 
0 4 0 64 
0 32 64 4 
0 0 0 0 

cnt : 4, dir : 0

8 2 32 0 
4 64 0 0 
32 64 4 0 
0 0 0 0 

cnt : 4, dir : 1

0 8 2 32 
0 0 4 64 
0 32 64 4 
0 0 0 0 

cnt : 4, dir : 2

0 8 2 32 
0 4 64 64 
0 32 0 4 
0 0 0 0 

cnt : 4, dir : 3

0 0 0 0 
0 8 0 32 
0 4 2 64 
0 32 64 4 

cnt : 3, dir : 3

0 0 0 0 
0 8 0 32 
0 4 2 64 
0 32 64 4 

cnt : 4, dir : 0

0 0 0 0 
8 32 0 0 
4 2 64 0 
32 64 4 0 

cnt : 4, dir : 1

0 0 0 0 
0 0 8 32 
0 4 2 64 
0 32 64 4 

cnt : 4, dir : 2

0 8 2 32 
0 4 0 64 
0 32 64 4 
0 0 0 0 

cnt : 4, dir : 3

0 0 0 0 
0 8 0 32 
0 4 2 64 
0 32 64 4 

cnt : 2, dir : 2

8 32 64 0 
4 2 0 0 
32 64 4 0 
0 0 0 0 

cnt : 3, dir : 0

8 32 64 0 
4 2 0 0 
32 64 4 0 
0 0 0 0 

cnt : 4, dir : 0

8 32 64 0 
4 2 0 0 
32 64 4 0 
0 0 0 0 

cnt : 4, dir : 1

0 8 32 64 
0 4 0 2 
0 32 64 4 
0 0 0 0 

cnt : 4, dir : 2

8 32 64 0 
4 2 4 0 
32 64 0 0 
0 0 0 0 

cnt : 4, dir : 3

0 0 0 0 
8 32 0 0 
4 2 64 0 
32 64 4 0 

cnt : 3, dir : 1

0 8 32 64 
0 4 0 2 
0 32 64 4 
0 0 0 0 

cnt : 4, dir : 0

8 32 64 0 
4 2 0 0 
32 64 4 0 
0 0 0 0 

cnt : 4, dir : 1

0 8 32 64 
0 0 4 2 
0 32 64 4 
0 0 0 0 

cnt : 4, dir : 2

0 8 32 64 
0 4 64 2 
0 32 0 4 
0 0 0 0 

cnt : 4, dir : 3

0 0 0 0 
0 8 0 64 
0 4 32 2 
0 32 64 4 

cnt : 3, dir : 2

8 32 64 0 
4 2 4 0 
32 64 0 0 
0 0 0 0 

cnt : 4, dir : 0

8 32 64 0 
4 2 4 0 
32 64 0 0 
0 0 0 0 

cnt : 4, dir : 1

0 8 32 64 
0 4 2 4 
0 32 0 64 
0 0 0 0 

cnt : 4, dir : 2

8 32 64 0 
4 2 4 0 
32 64 0 0 
0 0 0 0 

cnt : 4, dir : 3

0 0 0 0 
8 32 64 0 
4 2 0 0 
32 64 4 0 

cnt : 3, dir : 3

0 0 0 0 
8 32 0 0 
4 2 64 0 
32 64 4 0 

cnt : 4, dir : 0

0 0 0 0 
8 32 0 0 
4 2 64 0 
32 64 4 0 

cnt : 4, dir : 1

0 0 0 0 
0 8 0 32 
0 4 2 64 
0 32 64 4 

cnt : 4, dir : 2

8 32 64 0 
4 2 0 0 
32 64 4 0 
0 0 0 0 

cnt : 4, dir : 3

0 0 0 0 
8 32 0 0 
4 2 64 0 
32 64 4 0 

cnt : 2, dir : 3

0 0 0 0 
8 32 0 0 
4 2 64 0 
32 64 4 0 

cnt : 3, dir : 0

0 0 0 0 
8 32 0 0 
4 2 64 0 
32 64 4 0 

cnt : 4, dir : 0

0 0 0 0 
8 32 0 0 
4 2 64 0 
32 64 4 0 

cnt : 4, dir : 1

0 0 0 0 
0 8 0 32 
0 4 2 64 
0 32 64 4 

cnt : 4, dir : 2

8 32 64 0 
4 2 0 0 
32 64 4 0 
0 0 0 0 

cnt : 4, dir : 3

0 0 0 0 
8 32 0 0 
4 2 64 0 
32 64 4 0 

cnt : 3, dir : 1

0 0 0 0 
0 8 0 32 
0 4 2 64 
0 32 64 4 

cnt : 4, dir : 0

0 0 0 0 
8 32 0 0 
4 2 64 0 
32 64 4 0 

cnt : 4, dir : 1

0 0 0 0 
0 0 8 32 
0 4 2 64 
0 32 64 4 

cnt : 4, dir : 2

0 8 2 32 
0 4 0 64 
0 32 64 4 
0 0 0 0 

cnt : 4, dir : 3

0 0 0 0 
0 8 0 32 
0 4 2 64 
0 32 64 4 

cnt : 3, dir : 2

8 32 64 0 
4 2 0 0 
32 64 4 0 
0 0 0 0 

cnt : 4, dir : 0

8 32 64 0 
4 2 0 0 
32 64 4 0 
0 0 0 0 

cnt : 4, dir : 1

0 8 32 64 
0 4 0 2 
0 32 64 4 
0 0 0 0 

cnt : 4, dir : 2

8 32 64 0 
4 2 4 0 
32 64 0 0 
0 0 0 0 

cnt : 4, dir : 3

0 0 0 0 
8 32 0 0 
4 2 64 0 
32 64 4 0 

cnt : 3, dir : 3

0 0 0 0 
8 32 0 0 
4 2 64 0 
32 64 4 0 

cnt : 4, dir : 0

0 0 0 0 
8 32 0 0 
4 2 64 0 
32 64 4 0 

cnt : 4, dir : 1

0 0 0 0 
0 8 0 32 
0 4 2 64 
0 32 64 4 

cnt : 4, dir : 2

8 32 64 0 
4 2 0 0 
32 64 4 0 
0 0 0 0 

cnt : 4, dir : 3

0 0 0 0 
8 32 0 0 
4 2 64 0 
32 64 4 0 

cnt : 0, dir : 1

0 0 8 32 
0 4 2 64 
0 0 0 16 
0 16 64 4 

cnt : 1, dir : 0

8 0 32 0 
4 2 64 0 
16 0 0 0 
16 64 4 0 

cnt : 2, dir : 0

8 32 0 0 
4 2 64 0 
16 0 0 0 
16 64 4 0 

cnt : 3, dir : 0

8 32 0 0 
4 2 64 0 
16 0 0 0 
16 64 4 0 

cnt : 4, dir : 0

8 32 0 0 
4 2 64 0 
16 0 0 0 
16 64 4 0 

cnt : 4, dir : 1

0 8 0 32 
0 4 2 64 
0 0 0 16 
0 16 64 4 

cnt : 4, dir : 2

8 32 64 0 
4 2 4 0 
32 64 0 0 
0 0 0 0 

cnt : 4, dir : 3

0 0 0 0 
8 32 0 0 
4 2 64 0 
32 64 4 0 

cnt : 3, dir : 1

0 8 0 32 
0 4 2 64 
0 0 0 16 
0 16 64 4 

cnt : 4, dir : 0

8 32 0 0 
4 2 64 0 
16 0 0 0 
16 64 4 0 

cnt : 4, dir : 1

0 0 8 32 
0 4 2 64 
0 0 0 16 
0 16 64 4 

cnt : 4, dir : 2

0 8 2 32 
0 4 64 64 
0 16 0 16 
0 0 0 4 

cnt : 4, dir : 3

0 0 0 32 
0 8 0 64 
0 4 2 16 
0 16 64 4 

cnt : 3, dir : 2

8 32 64 0 
4 2 4 0 
32 64 0 0 
0 0 0 0 

cnt : 4, dir : 0

8 32 64 0 
4 2 4 0 
32 64 0 0 
0 0 0 0 

cnt : 4, dir : 1

0 8 32 64 
0 4 2 4 
0 32 0 64 
0 0 0 0 

cnt : 4, dir : 2

8 32 64 0 
4 2 4 0 
32 64 0 0 
0 0 0 0 

cnt : 4, dir : 3

0 0 0 0 
8 32 64 0 
4 2 0 0 
32 64 4 0 

cnt : 3, dir : 3

0 0 0 0 
8 32 0 0 
4 2 64 0 
32 64 4 0 

cnt : 4, dir : 0

0 0 0 0 
8 32 0 0 
4 2 64 0 
32 64 4 0 

cnt : 4, dir : 1

0 0 0 0 
0 8 0 32 
0 4 2 64 
0 32 64 4 

cnt : 4, dir : 2

8 32 64 0 
4 2 0 0 
32 64 4 0 
0 0 0 0 

cnt : 4, dir : 3

0 0 0 0 
8 32 0 0 
4 2 64 0 
32 64 4 0 

cnt : 2, dir : 1

0 0 8 32 
0 4 2 64 
0 0 0 16 
0 16 64 4 

cnt : 3, dir : 0

8 0 32 0 
4 2 64 0 
16 0 0 0 
16 64 4 0 

cnt : 4, dir : 0

8 32 0 0 
4 2 64 0 
16 0 0 0 
16 64 4 0 

cnt : 4, dir : 1

0 0 8 32 
0 4 2 64 
0 0 0 16 
0 16 64 4 

cnt : 4, dir : 2

8 2 32 0 
4 64 64 0 
32 0 4 0 
0 0 0 0 

cnt : 4, dir : 3

0 0 0 0 
8 0 32 0 
4 2 64 0 
32 64 4 0 

cnt : 3, dir : 1

0 0 8 32 
0 4 2 64 
0 0 0 16 
0 16 64 4 

cnt : 4, dir : 0

8 0 32 0 
4 2 64 0 
16 0 0 0 
16 64 4 0 

cnt : 4, dir : 1

0 0 8 32 
0 4 2 64 
0 0 0 16 
0 16 64 4 

cnt : 4, dir : 2

0 4 8 32 
0 16 2 64 
0 0 64 16 
0 0 0 4 

cnt : 4, dir : 3

0 0 0 32 
0 0 8 64 
0 4 2 16 
0 16 64 4 

cnt : 3, dir : 2

0 4 8 32 
0 16 2 64 
0 0 64 16 
0 0 0 4 

cnt : 4, dir : 0

4 8 32 0 
16 2 64 0 
64 0 16 0 
4 0 0 0 

cnt : 4, dir : 1

0 4 8 32 
0 16 2 64 
0 0 64 16 
0 0 0 4 

cnt : 4, dir : 2

0 4 8 32 
0 16 2 64 
0 0 64 16 
0 0 0 4 

cnt : 4, dir : 3

0 0 0 32 
0 4 8 64 
0 0 2 16 
0 16 64 4 

cnt : 3, dir : 3

0 0 0 32 
0 0 8 64 
0 4 2 16 
0 16 64 4 

cnt : 4, dir : 0

32 0 0 0 
8 0 64 0 
4 2 16 0 
16 64 4 0 

cnt : 4, dir : 1

0 0 0 32 
0 0 8 64 
0 4 2 16 
0 16 64 4 

cnt : 4, dir : 2

0 4 8 32 
0 0 2 64 
0 16 64 16 
0 0 0 4 

cnt : 4, dir : 3

0 0 0 32 
0 0 8 64 
0 4 2 16 
0 16 64 4 

cnt : 2, dir : 2

8 2 32 0 
4 64 64 0 
32 0 4 0 
0 0 0 0 

cnt : 3, dir : 0

8 2 32 0 
4 128 0 0 
32 4 0 0 
0 0 0 0 

cnt : 4, dir : 0

8 2 32 0 
4 128 0 0 
32 4 0 0 
0 0 0 0 

cnt : 4, dir : 1

0 8 2 32 
0 4 0 128 
0 32 0 4 
0 0 0 0 

cnt : 4, dir : 2

8 2 32 0 
4 128 0 0 
32 4 0 0 
0 0 0 0 

cnt : 4, dir : 3

0 0 0 0 
8 2 0 0 
4 128 0 0 
32 4 32 0 

cnt : 3, dir : 1

0 8 2 32 
0 0 4 128 
0 0 32 4 
0 0 0 0 

cnt : 4, dir : 0

8 2 32 0 
4 0 128 0 
32 0 4 0 
0 0 0 0 

cnt : 4, dir : 1

0 8 2 32 
0 0 4 128 
0 0 32 4 
0 0 0 0 

cnt : 4, dir : 2

0 8 2 32 
0 0 4 128 
0 0 32 4 
0 0 0 0 

cnt : 4, dir : 3

0 0 0 0 
0 0 2 32 
0 0 4 128 
0 8 32 4 

cnt : 3, dir : 2

8 2 32 0 
4 64 64 0 
32 0 4 0 
0 0 0 0 

cnt : 4, dir : 0

8 2 32 0 
4 128 0 0 
32 4 0 0 
0 0 0 0 

cnt : 4, dir : 1

0 8 2 32 
0 0 4 128 
0 0 32 4 
0 0 0 0 

cnt : 4, dir : 2

8 2 32 0 
4 64 64 0 
32 0 4 0 
0 0 0 0 

cnt : 4, dir : 3

0 0 0 0 
8 2 32 0 
4 0 64 0 
32 64 4 0 

cnt : 3, dir : 3

0 0 0 0 
8 2 32 0 
4 0 64 0 
32 64 4 0 

cnt : 4, dir : 0

0 0 0 0 
8 2 32 0 
4 64 0 0 
32 64 4 0 

cnt : 4, dir : 1

0 0 0 0 
0 8 2 32 
0 0 4 64 
0 32 64 4 

cnt : 4, dir : 2

8 2 32 0 
4 64 64 0 
32 0 4 0 
0 0 0 0 

cnt : 4, dir : 3

0 0 0 0 
8 0 32 0 
4 2 64 0 
32 64 4 0 

cnt : 2, dir : 3

0 0 0 0 
8 0 32 0 
4 2 64 0 
32 64 4 0 

cnt : 3, dir : 0

0 0 0 0 
8 32 0 0 
4 2 64 0 
32 64 4 0 

cnt : 4, dir : 0

0 0 0 0 
8 32 0 0 
4 2 64 0 
32 64 4 0 

cnt : 4, dir : 1

0 0 0 0 
0 8 0 32 
0 4 2 64 
0 32 64 4 

cnt : 4, dir : 2

8 32 64 0 
4 2 0 0 
32 64 4 0 
0 0 0 0 

cnt : 4, dir : 3

0 0 0 0 
8 32 0 0 
4 2 64 0 
32 64 4 0 

cnt : 3, dir : 1

0 0 0 0 
0 0 8 32 
0 4 2 64 
0 32 64 4 

cnt : 4, dir : 0

0 0 0 0 
8 0 32 0 
4 2 64 0 
32 64 4 0 

cnt : 4, dir : 1

0 0 0 0 
0 0 8 32 
0 4 2 64 
0 32 64 4 

cnt : 4, dir : 2

0 4 8 32 
0 0 2 64 
0 32 64 4 
0 0 0 0 

cnt : 4, dir : 3

0 0 0 0 
0 0 8 32 
0 4 2 64 
0 32 64 4 

cnt : 3, dir : 2

8 2 32 0 
4 0 64 0 
32 64 4 0 
0 0 0 0 

cnt : 4, dir : 0

8 2 32 0 
4 64 0 0 
32 64 4 0 
0 0 0 0 

cnt : 4, dir : 1

0 8 2 32 
0 0 4 64 
0 32 64 4 
0 0 0 0 

cnt : 4, dir : 2

8 2 32 0 
4 64 64 0 
32 0 4 0 
0 0 0 0 

cnt : 4, dir : 3

0 0 0 0 
8 0 32 0 
4 2 64 0 
32 64 4 0 

cnt : 3, dir : 3

0 0 0 0 
8 0 32 0 
4 2 64 0 
32 64 4 0 

cnt : 4, dir : 0

0 0 0 0 
8 32 0 0 
4 2 64 0 
32 64 4 0 

cnt : 4, dir : 1

0 0 0 0 
0 0 8 32 
0 4 2 64 
0 32 64 4 

cnt : 4, dir : 2

8 2 32 0 
4 0 64 0 
32 64 4 0 
0 0 0 0 

cnt : 4, dir : 3

0 0 0 0 
8 0 32 0 
4 2 64 0 
32 64 4 0 

cnt : 1, dir : 1

0 0 8 32 
0 4 2 64 
0 0 0 16 
0 16 64 4 

cnt : 2, dir : 0

8 0 32 0 
4 2 64 0 
16 0 0 0 
16 64 4 0 

cnt : 3, dir : 0

8 32 0 0 
4 2 64 0 
16 0 0 0 
16 64 4 0 

cnt : 4, dir : 0

8 32 0 0 
4 2 64 0 
16 0 0 0 
16 64 4 0 

cnt : 4, dir : 1

0 8 0 32 
0 4 2 64 
0 0 0 16 
0 16 64 4 

cnt : 4, dir : 2

8 32 64 0 
4 2 4 0 
32 64 0 0 
0 0 0 0 

cnt : 4, dir : 3

0 0 0 0 
8 32 0 0 
4 2 64 0 
32 64 4 0 

cnt : 3, dir : 1

0 0 8 32 
0 4 2 64 
0 0 0 16 
0 16 64 4 

cnt : 4, dir : 0

8 0 32 0 
4 2 64 0 
16 0 0 0 
16 64 4 0 

cnt : 4, dir : 1

0 0 8 32 
0 4 2 64 
0 0 0 16 
0 16 64 4 

cnt : 4, dir : 2

0 4 8 32 
0 16 2 64 
0 0 64 16 
0 0 0 4 

cnt : 4, dir : 3

0 0 0 32 
0 0 8 64 
0 4 2 16 
0 16 64 4 

cnt : 3, dir : 2

8 2 32 0 
4 64 64 0 
32 0 4 0 
0 0 0 0 

cnt : 4, dir : 0

8 2 32 0 
4 128 0 0 
32 4 0 0 
0 0 0 0 

cnt : 4, dir : 1

0 8 2 32 
0 0 4 128 
0 0 32 4 
0 0 0 0 

cnt : 4, dir : 2

8 2 32 0 
4 64 64 0 
32 0 4 0 
0 0 0 0 

cnt : 4, dir : 3

0 0 0 0 
8 2 32 0 
4 0 64 0 
32 64 4 0 

cnt : 3, dir : 3

0 0 0 0 
8 0 32 0 
4 2 64 0 
32 64 4 0 

cnt : 4, dir : 0

0 0 0 0 
8 32 0 0 
4 2 64 0 
32 64 4 0 

cnt : 4, dir : 1

0 0 0 0 
0 0 8 32 
0 4 2 64 
0 32 64 4 

cnt : 4, dir : 2

8 2 32 0 
4 0 64 0 
32 64 4 0 
0 0 0 0 

cnt : 4, dir : 3

0 0 0 0 
8 0 32 0 
4 2 64 0 
32 64 4 0 

cnt : 2, dir : 1

0 0 8 32 
0 4 2 64 
0 0 0 16 
0 16 64 4 

cnt : 3, dir : 0

8 0 32 0 
4 2 64 0 
16 0 0 0 
16 64 4 0 

cnt : 4, dir : 0

8 32 0 0 
4 2 64 0 
16 0 0 0 
16 64 4 0 

cnt : 4, dir : 1

0 0 8 32 
0 4 2 64 
0 0 0 16 
0 16 64 4 

cnt : 4, dir : 2

8 2 32 0 
4 64 64 0 
32 0 4 0 
0 0 0 0 

cnt : 4, dir : 3

0 0 0 0 
8 0 32 0 
4 2 64 0 
32 64 4 0 

cnt : 3, dir : 1

0 0 8 32 
0 4 2 64 
0 0 0 16 
0 16 64 4 

cnt : 4, dir : 0

8 0 32 0 
4 2 64 0 
16 0 0 0 
16 64 4 0 

cnt : 4, dir : 1

0 0 8 32 
0 4 2 64 
0 0 0 16 
0 16 64 4 

cnt : 4, dir : 2

0 4 8 32 
0 16 2 64 
0 0 64 16 
0 0 0 4 

cnt : 4, dir : 3

0 0 0 32 
0 0 8 64 
0 4 2 16 
0 16 64 4 

cnt : 3, dir : 2

0 4 8 32 
0 16 2 64 
0 0 64 16 
0 0 0 4 

cnt : 4, dir : 0

4 8 32 0 
16 2 64 0 
64 0 16 0 
4 0 0 0 

cnt : 4, dir : 1

0 4 8 32 
0 16 2 64 
0 0 64 16 
0 0 0 4 

cnt : 4, dir : 2

0 4 8 32 
0 16 2 64 
0 0 64 16 
0 0 0 4 

cnt : 4, dir : 3

0 0 0 32 
0 4 8 64 
0 0 2 16 
0 16 64 4 

cnt : 3, dir : 3

0 0 0 32 
0 0 8 64 
0 4 2 16 
0 16 64 4 

cnt : 4, dir : 0

32 0 0 0 
8 0 64 0 
4 2 16 0 
16 64 4 0 

cnt : 4, dir : 1

0 0 0 32 
0 0 8 64 
0 4 2 16 
0 16 64 4 

cnt : 4, dir : 2

0 4 8 32 
0 0 2 64 
0 16 64 16 
0 0 0 4 

cnt : 4, dir : 3

0 0 0 32 
0 0 8 64 
0 4 2 16 
0 16 64 4 

cnt : 2, dir : 2

0 4 8 32 
0 16 2 64 
0 0 64 16 
0 0 0 4 

cnt : 3, dir : 0

4 8 32 0 
16 2 64 0 
64 0 16 0 
4 0 0 0 

cnt : 4, dir : 0

4 8 32 0 
16 2 64 0 
64 16 0 0 
4 0 0 0 

cnt : 4, dir : 1

0 4 8 32 
0 16 2 64 
0 0 64 16 
0 0 0 4 

cnt : 4, dir : 2

4 8 32 0 
16 2 64 0 
64 0 16 0 
4 0 0 0 

cnt : 4, dir : 3

4 0 0 0 
16 8 32 0 
64 0 64 0 
4 2 16 0 

cnt : 3, dir : 1

0 4 8 32 
0 16 2 64 
0 0 64 16 
0 0 0 4 

cnt : 4, dir : 0

4 8 32 0 
16 2 64 0 
64 0 16 0 
4 0 0 0 

cnt : 4, dir : 1

0 4 8 32 
0 16 2 64 
0 0 64 16 
0 0 0 4 

cnt : 4, dir : 2

0 4 8 32 
0 16 2 64 
0 0 64 16 
0 0 0 4 

cnt : 4, dir : 3

0 0 0 32 
0 4 8 64 
0 0 2 16 
0 16 64 4 

cnt : 3, dir : 2

0 4 8 32 
0 16 2 64 
0 0 64 16 
0 0 0 4 

cnt : 4, dir : 0

4 8 32 0 
16 2 64 0 
64 0 16 0 
4 0 0 0 

cnt : 4, dir : 1

0 4 8 32 
0 16 2 64 
0 0 64 16 
0 0 0 4 

cnt : 4, dir : 2

0 4 8 32 
0 16 2 64 
0 0 64 16 
0 0 0 4 

cnt : 4, dir : 3

0 0 0 32 
0 4 8 64 
0 0 2 16 
0 16 64 4 

cnt : 3, dir : 3

0 0 0 32 
0 4 8 64 
0 0 2 16 
0 16 64 4 

cnt : 4, dir : 0

32 0 0 0 
4 8 64 0 
2 0 16 0 
16 64 4 0 

cnt : 4, dir : 1

0 0 0 32 
0 4 8 64 
0 0 2 16 
0 16 64 4 

cnt : 4, dir : 2

0 4 8 32 
0 16 2 64 
0 0 64 16 
0 0 0 4 

cnt : 4, dir : 3

0 0 0 32 
0 0 8 64 
0 4 2 16 
0 16 64 4 

cnt : 2, dir : 3

0 0 0 32 
0 0 8 64 
0 4 2 16 
0 16 64 4 

cnt : 3, dir : 0

32 0 0 0 
8 0 64 0 
4 2 16 0 
16 64 4 0 

cnt : 4, dir : 0

32 0 0 0 
8 64 0 0 
4 2 16 0 
16 64 4 0 

cnt : 4, dir : 1

0 0 0 32 
0 0 8 64 
0 4 2 16 
0 16 64 4 

cnt : 4, dir : 2

32 2 64 0 
8 0 16 0 
4 64 4 0 
16 0 0 0 

cnt : 4, dir : 3

32 0 0 0 
8 0 64 0 
4 2 16 0 
16 64 4 0 

cnt : 3, dir : 1

0 0 0 32 
0 0 8 64 
0 4 2 16 
0 16 64 4 

cnt : 4, dir : 0

32 0 0 0 
8 0 64 0 
4 2 16 0 
16 64 4 0 

cnt : 4, dir : 1

0 0 0 32 
0 0 8 64 
0 4 2 16 
0 16 64 4 

cnt : 4, dir : 2

0 4 8 32 
0 0 2 64 
0 16 64 16 
0 0 0 4 

cnt : 4, dir : 3

0 0 0 32 
0 0 8 64 
0 4 2 16 
0 16 64 4 

cnt : 3, dir : 2

0 4 8 32 
0 0 2 64 
0 16 64 16 
0 0 0 4 

cnt : 4, dir : 0

4 8 32 0 
2 0 64 0 
16 64 16 0 
4 0 0 0 

cnt : 4, dir : 1

0 4 8 32 
0 0 2 64 
0 16 64 16 
0 0 0 4 

cnt : 4, dir : 2

0 4 8 32 
0 16 2 64 
0 0 64 16 
0 0 0 4 

cnt : 4, dir : 3

0 0 0 32 
0 0 8 64 
0 4 2 16 
0 16 64 4 

cnt : 3, dir : 3

0 0 0 32 
0 0 8 64 
0 4 2 16 
0 16 64 4 

cnt : 4, dir : 0

32 0 0 0 
8 0 64 0 
4 2 16 0 
16 64 4 0 

cnt : 4, dir : 1

0 0 0 32 
0 0 8 64 
0 4 2 16 
0 16 64 4 

cnt : 4, dir : 2

0 4 8 32 
0 0 2 64 
0 16 64 16 
0 0 0 4 

cnt : 4, dir : 3

0 0 0 32 
0 0 8 64 
0 4 2 16 
0 16 64 4 

cnt : 1, dir : 2

0 4 8 32 
0 16 2 64 
0 0 64 16 
0 0 0 4 

cnt : 2, dir : 0

4 8 32 0 
16 2 64 0 
64 0 16 0 
4 0 0 0 

cnt : 3, dir : 0

4 8 32 0 
16 2 64 0 
64 16 0 0 
4 0 0 0 

cnt : 4, dir : 0

4 8 32 0 
16 2 64 0 
64 16 0 0 
4 0 0 0 

cnt : 4, dir : 1

0 4 8 32 
0 16 2 64 
0 64 0 16 
0 0 0 4 

cnt : 4, dir : 2

4 8 32 0 
16 2 64 0 
64 16 0 0 
4 0 0 0 

cnt : 4, dir : 3

4 0 0 0 
16 8 32 0 
64 2 0 0 
4 16 64 0 

cnt : 3, dir : 1

0 4 8 32 
0 16 2 64 
0 0 64 16 
0 0 0 4 

cnt : 4, dir : 0

4 8 32 0 
16 2 64 0 
64 0 16 0 
4 0 0 0 

cnt : 4, dir : 1

0 4 8 32 
0 16 2 64 
0 0 64 16 
0 0 0 4 

cnt : 4, dir : 2

0 4 8 32 
0 16 2 64 
0 0 64 16 
0 0 0 4 

cnt : 4, dir : 3

0 0 0 32 
0 4 8 64 
0 0 2 16 
0 16 64 4 

cnt : 3, dir : 2

4 8 32 0 
16 2 64 0 
64 0 16 0 
4 0 0 0 

cnt : 4, dir : 0

4 8 32 0 
16 2 64 0 
64 16 0 0 
4 0 0 0 

cnt : 4, dir : 1

0 4 8 32 
0 16 2 64 
0 0 64 16 
0 0 0 4 

cnt : 4, dir : 2

4 8 32 0 
16 2 64 0 
64 0 16 0 
4 0 0 0 

cnt : 4, dir : 3

4 0 0 0 
16 8 32 0 
64 0 64 0 
4 2 16 0 

cnt : 3, dir : 3

4 0 0 0 
16 8 32 0 
64 0 64 0 
4 2 16 0 

cnt : 4, dir : 0

4 0 0 0 
16 8 32 0 
128 0 0 0 
4 2 16 0 

cnt : 4, dir : 1

0 0 0 4 
0 16 8 32 
0 0 0 128 
0 4 2 16 

cnt : 4, dir : 2

4 8 32 0 
16 2 64 0 
64 0 16 0 
4 0 0 0 

cnt : 4, dir : 3

4 0 0 0 
16 0 32 0 
64 8 64 0 
4 2 16 0 

cnt : 2, dir : 1

0 4 8 32 
0 16 2 64 
0 0 64 16 
0 0 0 4 

cnt : 3, dir : 0

4 8 32 0 
16 2 64 0 
64 0 16 0 
4 0 0 0 

cnt : 4, dir : 0

4 8 32 0 
16 2 64 0 
64 16 0 0 
4 0 0 0 

cnt : 4, dir : 1

0 4 8 32 
0 16 2 64 
0 0 64 16 
0 0 0 4 

cnt : 4, dir : 2

4 8 32 0 
16 2 64 0 
64 0 16 0 
4 0 0 0 

cnt : 4, dir : 3

4 0 0 0 
16 8 32 0 
64 0 64 0 
4 2 16 0 

cnt : 3, dir : 1

0 4 8 32 
0 16 2 64 
0 0 64 16 
0 0 0 4 

cnt : 4, dir : 0

4 8 32 0 
16 2 64 0 
64 0 16 0 
4 0 0 0 

cnt : 4, dir : 1

0 4 8 32 
0 16 2 64 
0 0 64 16 
0 0 0 4 

cnt : 4, dir : 2

0 4 8 32 
0 16 2 64 
0 0 64 16 
0 0 0 4 

cnt : 4, dir : 3

0 0 0 32 
0 4 8 64 
0 0 2 16 
0 16 64 4 

cnt : 3, dir : 2

0 4 8 32 
0 16 2 64 
0 0 64 16 
0 0 0 4 

cnt : 4, dir : 0

4 8 32 0 
16 2 64 0 
64 0 16 0 
4 0 0 0 

cnt : 4, dir : 1

0 4 8 32 
0 16 2 64 
0 0 64 16 
0 0 0 4 

cnt : 4, dir : 2

0 4 8 32 
0 16 2 64 
0 0 64 16 
0 0 0 4 

cnt : 4, dir : 3

0 0 0 32 
0 4 8 64 
0 0 2 16 
0 16 64 4 

cnt : 3, dir : 3

0 0 0 32 
0 4 8 64 
0 0 2 16 
0 16 64 4 

cnt : 4, dir : 0

32 0 0 0 
4 8 64 0 
2 0 16 0 
16 64 4 0 

cnt : 4, dir : 1

0 0 0 32 
0 4 8 64 
0 0 2 16 
0 16 64 4 

cnt : 4, dir : 2

0 4 8 32 
0 16 2 64 
0 0 64 16 
0 0 0 4 

cnt : 4, dir : 3

0 0 0 32 
0 0 8 64 
0 4 2 16 
0 16 64 4 

cnt : 2, dir : 2

0 4 8 32 
0 16 2 64 
0 0 64 16 
0 0 0 4 

cnt : 3, dir : 0

4 8 32 0 
16 2 64 0 
64 0 16 0 
4 0 0 0 

cnt : 4, dir : 0

4 8 32 0 
16 2 64 0 
64 16 0 0 
4 0 0 0 

cnt : 4, dir : 1

0 4 8 32 
0 16 2 64 
0 0 64 16 
0 0 0 4 

cnt : 4, dir : 2

4 8 32 0 
16 2 64 0 
64 0 16 0 
4 0 0 0 

cnt : 4, dir : 3

4 0 0 0 
16 8 32 0 
64 0 64 0 
4 2 16 0 

cnt : 3, dir : 1

0 4 8 32 
0 16 2 64 
0 0 64 16 
0 0 0 4 

cnt : 4, dir : 0

4 8 32 0 
16 2 64 0 
64 0 16 0 
4 0 0 0 

cnt : 4, dir : 1

0 4 8 32 
0 16 2 64 
0 0 64 16 
0 0 0 4 

cnt : 4, dir : 2

0 4 8 32 
0 16 2 64 
0 0 64 16 
0 0 0 4 

cnt : 4, dir : 3

0 0 0 32 
0 4 8 64 
0 0 2 16 
0 16 64 4 

cnt : 3, dir : 2

0 4 8 32 
0 16 2 64 
0 0 64 16 
0 0 0 4 

cnt : 4, dir : 0

4 8 32 0 
16 2 64 0 
64 0 16 0 
4 0 0 0 

cnt : 4, dir : 1

0 4 8 32 
0 16 2 64 
0 0 64 16 
0 0 0 4 

cnt : 4, dir : 2

0 4 8 32 
0 16 2 64 
0 0 64 16 
0 0 0 4 

cnt : 4, dir : 3

0 0 0 32 
0 4 8 64 
0 0 2 16 
0 16 64 4 

cnt : 3, dir : 3

0 0 0 32 
0 4 8 64 
0 0 2 16 
0 16 64 4 

cnt : 4, dir : 0

32 0 0 0 
4 8 64 0 
2 0 16 0 
16 64 4 0 

cnt : 4, dir : 1

0 0 0 32 
0 4 8 64 
0 0 2 16 
0 16 64 4 

cnt : 4, dir : 2

0 4 8 32 
0 16 2 64 
0 0 64 16 
0 0 0 4 

cnt : 4, dir : 3

0 0 0 32 
0 0 8 64 
0 4 2 16 
0 16 64 4 

cnt : 2, dir : 3

0 0 0 32 
0 4 8 64 
0 0 2 16 
0 16 64 4 

cnt : 3, dir : 0

32 0 0 0 
4 8 64 0 
2 0 16 0 
16 64 4 0 

cnt : 4, dir : 0

32 0 0 0 
4 8 64 0 
2 16 0 0 
16 64 4 0 

cnt : 4, dir : 1

0 0 0 32 
0 4 8 64 
0 0 2 16 
0 16 64 4 

cnt : 4, dir : 2

32 8 64 0 
4 64 16 0 
2 0 4 0 
16 0 0 0 

cnt : 4, dir : 3

32 0 0 0 
4 0 64 0 
2 8 16 0 
16 64 4 0 

cnt : 3, dir : 1

0 0 0 32 
0 4 8 64 
0 0 2 16 
0 16 64 4 

cnt : 4, dir : 0

32 0 0 0 
4 8 64 0 
2 0 16 0 
16 64 4 0 

cnt : 4, dir : 1

0 0 0 32 
0 4 8 64 
0 0 2 16 
0 16 64 4 

cnt : 4, dir : 2

0 4 8 32 
0 16 2 64 
0 0 64 16 
0 0 0 4 

cnt : 4, dir : 3

0 0 0 32 
0 0 8 64 
0 4 2 16 
0 16 64 4 

cnt : 3, dir : 2

0 4 8 32 
0 16 2 64 
0 0 64 16 
0 0 0 4 

cnt : 4, dir : 0

4 8 32 0 
16 2 64 0 
64 0 16 0 
4 0 0 0 

cnt : 4, dir : 1

0 4 8 32 
0 16 2 64 
0 0 64 16 
0 0 0 4 

cnt : 4, dir : 2

0 4 8 32 
0 16 2 64 
0 0 64 16 
0 0 0 4 

cnt : 4, dir : 3

0 0 0 32 
0 4 8 64 
0 0 2 16 
0 16 64 4 

cnt : 3, dir : 3

0 0 0 32 
0 0 8 64 
0 4 2 16 
0 16 64 4 

cnt : 4, dir : 0

32 0 0 0 
8 0 64 0 
4 2 16 0 
16 64 4 0 

cnt : 4, dir : 1

0 0 0 32 
0 0 8 64 
0 4 2 16 
0 16 64 4 

cnt : 4, dir : 2

0 4 8 32 
0 0 2 64 
0 16 64 16 
0 0 0 4 

cnt : 4, dir : 3

0 0 0 32 
0 0 8 64 
0 4 2 16 
0 16 64 4 

cnt : 1, dir : 3

0 0 0 32 
0 0 8 64 
0 4 2 16 
0 16 64 4 

cnt : 2, dir : 0

32 0 0 0 
8 0 64 0 
4 2 16 0 
16 64 4 0 

cnt : 3, dir : 0

32 0 0 0 
8 64 0 0 
4 2 16 0 
16 64 4 0 

cnt : 4, dir : 0

32 0 0 0 
8 64 0 0 
4 2 16 0 
16 64 4 0 

cnt : 4, dir : 1

0 0 0 32 
0 8 0 64 
0 4 2 16 
0 16 64 4 

cnt : 4, dir : 2

32 64 16 0 
8 2 0 0 
4 64 4 0 
16 0 0 0 

cnt : 4, dir : 3

32 0 0 0 
8 64 0 0 
4 2 16 0 
16 64 4 0 

cnt : 3, dir : 1

0 0 0 32 
0 0 8 64 
0 4 2 16 
0 16 64 4 

cnt : 4, dir : 0

32 0 0 0 
8 0 64 0 
4 2 16 0 
16 64 4 0 

cnt : 4, dir : 1

0 0 0 32 
0 0 8 64 
0 4 2 16 
0 16 64 4 

cnt : 4, dir : 2

0 4 8 32 
0 0 2 64 
0 16 64 16 
0 0 0 4 

cnt : 4, dir : 3

0 0 0 32 
0 0 8 64 
0 4 2 16 
0 16 64 4 

cnt : 3, dir : 2

32 2 64 0 
8 0 16 0 
4 64 4 0 
16 0 0 0 

cnt : 4, dir : 0

32 2 64 0 
8 16 0 0 
4 64 4 0 
16 0 0 0 

cnt : 4, dir : 1

0 32 2 64 
0 0 8 16 
0 4 64 4 
0 0 0 16 

cnt : 4, dir : 2

32 2 64 0 
8 64 16 0 
4 0 4 0 
16 0 0 0 

cnt : 4, dir : 3

32 0 0 0 
8 0 64 0 
4 2 16 0 
16 64 4 0 

cnt : 3, dir : 3

32 0 0 0 
8 0 64 0 
4 2 16 0 
16 64 4 0 

cnt : 4, dir : 0

32 0 0 0 
8 64 0 0 
4 2 16 0 
16 64 4 0 

cnt : 4, dir : 1

0 0 0 32 
0 0 8 64 
0 4 2 16 
0 16 64 4 

cnt : 4, dir : 2

32 2 64 0 
8 0 16 0 
4 64 4 0 
16 0 0 0 

cnt : 4, dir : 3

32 0 0 0 
8 0 64 0 
4 2 16 0 
16 64 4 0 

cnt : 2, dir : 1

0 0 0 32 
0 0 8 64 
0 4 2 16 
0 16 64 4 

cnt : 3, dir : 0

32 0 0 0 
8 0 64 0 
4 2 16 0 
16 64 4 0 

cnt : 4, dir : 0

32 0 0 0 
8 64 0 0 
4 2 16 0 
16 64 4 0 

cnt : 4, dir : 1

0 0 0 32 
0 0 8 64 
0 4 2 16 
0 16 64 4 

cnt : 4, dir : 2

32 2 64 0 
8 0 16 0 
4 64 4 0 
16 0 0 0 

cnt : 4, dir : 3

32 0 0 0 
8 0 64 0 
4 2 16 0 
16 64 4 0 

cnt : 3, dir : 1

0 0 0 32 
0 0 8 64 
0 4 2 16 
0 16 64 4 

cnt : 4, dir : 0

32 0 0 0 
8 0 64 0 
4 2 16 0 
16 64 4 0 

cnt : 4, dir : 1

0 0 0 32 
0 0 8 64 
0 4 2 16 
0 16 64 4 

cnt : 4, dir : 2

0 4 8 32 
0 0 2 64 
0 16 64 16 
0 0 0 4 

cnt : 4, dir : 3

0 0 0 32 
0 0 8 64 
0 4 2 16 
0 16 64 4 

cnt : 3, dir : 2

0 4 8 32 
0 0 2 64 
0 16 64 16 
0 0 0 4 

cnt : 4, dir : 0

4 8 32 0 
2 0 64 0 
16 64 16 0 
4 0 0 0 

cnt : 4, dir : 1

0 4 8 32 
0 0 2 64 
0 16 64 16 
0 0 0 4 

cnt : 4, dir : 2

0 4 8 32 
0 16 2 64 
0 0 64 16 
0 0 0 4 

cnt : 4, dir : 3

0 0 0 32 
0 0 8 64 
0 4 2 16 
0 16 64 4 

cnt : 3, dir : 3

0 0 0 32 
0 0 8 64 
0 4 2 16 
0 16 64 4 

cnt : 4, dir : 0

32 0 0 0 
8 0 64 0 
4 2 16 0 
16 64 4 0 

cnt : 4, dir : 1

0 0 0 32 
0 0 8 64 
0 4 2 16 
0 16 64 4 

cnt : 4, dir : 2

0 4 8 32 
0 0 2 64 
0 16 64 16 
0 0 0 4 

cnt : 4, dir : 3

0 0 0 32 
0 0 8 64 
0 4 2 16 
0 16 64 4 

cnt : 2, dir : 2

0 4 8 32 
0 0 2 64 
0 16 64 16 
0 0 0 4 

cnt : 3, dir : 0

4 8 32 0 
2 0 64 0 
16 64 16 0 
4 0 0 0 

cnt : 4, dir : 0

4 8 32 0 
2 64 0 0 
16 64 16 0 
4 0 0 0 

cnt : 4, dir : 1

0 4 8 32 
0 0 2 64 
0 16 64 16 
0 0 0 4 

cnt : 4, dir : 2

4 8 32 0 
2 64 64 0 
16 0 16 0 
4 0 0 0 

cnt : 4, dir : 3

4 0 0 0 
2 0 32 0 
16 8 64 0 
4 64 16 0 

cnt : 3, dir : 1

0 4 8 32 
0 0 2 64 
0 16 64 16 
0 0 0 4 

cnt : 4, dir : 0

4 8 32 0 
2 0 64 0 
16 64 16 0 
4 0 0 0 

cnt : 4, dir : 1

0 4 8 32 
0 0 2 64 
0 16 64 16 
0 0 0 4 

cnt : 4, dir : 2

0 4 8 32 
0 16 2 64 
0 0 64 16 
0 0 0 4 

cnt : 4, dir : 3

0 0 0 32 
0 0 8 64 
0 4 2 16 
0 16 64 4 

cnt : 3, dir : 2

0 4 8 32 
0 16 2 64 
0 0 64 16 
0 0 0 4 

cnt : 4, dir : 0

4 8 32 0 
16 2 64 0 
64 0 16 0 
4 0 0 0 

cnt : 4, dir : 1

0 4 8 32 
0 16 2 64 
0 0 64 16 
0 0 0 4 

cnt : 4, dir : 2

0 4 8 32 
0 16 2 64 
0 0 64 16 
0 0 0 4 

cnt : 4, dir : 3

0 0 0 32 
0 4 8 64 
0 0 2 16 
0 16 64 4 

cnt : 3, dir : 3

0 0 0 32 
0 0 8 64 
0 4 2 16 
0 16 64 4 

cnt : 4, dir : 0

32 0 0 0 
8 0 64 0 
4 2 16 0 
16 64 4 0 

cnt : 4, dir : 1

0 0 0 32 
0 0 8 64 
0 4 2 16 
0 16 64 4 

cnt : 4, dir : 2

0 4 8 32 
0 0 2 64 
0 16 64 16 
0 0 0 4 

cnt : 4, dir : 3

0 0 0 32 
0 0 8 64 
0 4 2 16 
0 16 64 4 

cnt : 2, dir : 3

0 0 0 32 
0 0 8 64 
0 4 2 16 
0 16 64 4 

cnt : 3, dir : 0

32 0 0 0 
8 0 64 0 
4 2 16 0 
16 64 4 0 

cnt : 4, dir : 0

32 0 0 0 
8 64 0 0 
4 2 16 0 
16 64 4 0 

cnt : 4, dir : 1

0 0 0 32 
0 0 8 64 
0 4 2 16 
0 16 64 4 

cnt : 4, dir : 2

32 2 64 0 
8 0 16 0 
4 64 4 0 
16 0 0 0 

cnt : 4, dir : 3

32 0 0 0 
8 0 64 0 
4 2 16 0 
16 64 4 0 

cnt : 3, dir : 1

0 0 0 32 
0 0 8 64 
0 4 2 16 
0 16 64 4 

cnt : 4, dir : 0

32 0 0 0 
8 0 64 0 
4 2 16 0 
16 64 4 0 

cnt : 4, dir : 1

0 0 0 32 
0 0 8 64 
0 4 2 16 
0 16 64 4 

cnt : 4, dir : 2

0 4 8 32 
0 0 2 64 
0 16 64 16 
0 0 0 4 

cnt : 4, dir : 3

0 0 0 32 
0 0 8 64 
0 4 2 16 
0 16 64 4 

cnt : 3, dir : 2

0 4 8 32 
0 0 2 64 
0 16 64 16 
0 0 0 4 

cnt : 4, dir : 0

4 8 32 0 
2 0 64 0 
16 64 16 0 
4 0 0 0 

cnt : 4, dir : 1

0 4 8 32 
0 0 2 64 
0 16 64 16 
0 0 0 4 

cnt : 4, dir : 2

0 4 8 32 
0 16 2 64 
0 0 64 16 
0 0 0 4 

cnt : 4, dir : 3

0 0 0 32 
0 0 8 64 
0 4 2 16 
0 16 64 4 

cnt : 3, dir : 3

0 0 0 32 
0 0 8 64 
0 4 2 16 
0 16 64 4 

cnt : 4, dir : 0

32 0 0 0 
8 0 64 0 
4 2 16 0 
16 64 4 0 

cnt : 4, dir : 1

0 0 0 32 
0 0 8 64 
0 4 2 16 
0 16 64 4 

cnt : 4, dir : 2

0 4 8 32 
0 0 2 64 
0 16 64 16 
0 0 0 4 

cnt : 4, dir : 3

0 0 0 32 
0 0 8 64 
0 4 2 16 
0 16 64 4 

cnt : 0, dir : 2

4 4 4 32 
8 8 2 64 
0 16 64 4 
0 0 0 0 

cnt : 1, dir : 0

8 4 32 0 
16 2 64 0 
16 64 4 0 
0 0 0 0 

cnt : 2, dir : 0

8 4 32 0 
16 2 64 0 
16 64 4 0 
0 0 0 0 

cnt : 3, dir : 0

8 4 32 0 
16 2 64 0 
16 64 4 0 
0 0 0 0 

cnt : 4, dir : 0

8 4 32 0 
16 2 64 0 
16 64 4 0 
0 0 0 0 

cnt : 4, dir : 1

0 8 4 32 
0 16 2 64 
0 16 64 4 
0 0 0 0 

cnt : 4, dir : 2

8 4 32 0 
32 2 64 0 
0 64 4 0 
0 0 0 0 

cnt : 4, dir : 3

0 0 0 0 
0 4 32 0 
8 2 64 0 
32 64 4 0 

cnt : 3, dir : 1

0 8 4 32 
0 16 2 64 
0 16 64 4 
0 0 0 0 

cnt : 4, dir : 0

8 4 32 0 
16 2 64 0 
16 64 4 0 
0 0 0 0 

cnt : 4, dir : 1

0 8 4 32 
0 16 2 64 
0 16 64 4 
0 0 0 0 

cnt : 4, dir : 2

0 8 4 32 
0 32 2 64 
0 0 64 4 
0 0 0 0 

cnt : 4, dir : 3

0 0 0 0 
0 0 4 32 
0 8 2 64 
0 32 64 4 

cnt : 3, dir : 2

8 4 32 0 
32 2 64 0 
0 64 4 0 
0 0 0 0 

cnt : 4, dir : 0

8 4 32 0 
32 2 64 0 
64 4 0 0 
0 0 0 0 

cnt : 4, dir : 1

0 8 4 32 
0 32 2 64 
0 0 64 4 
0 0 0 0 

cnt : 4, dir : 2

8 4 32 0 
32 2 64 0 
0 64 4 0 
0 0 0 0 

cnt : 4, dir : 3

0 0 0 0 
8 4 32 0 
0 2 64 0 
32 64 4 0 

cnt : 3, dir : 3

0 0 0 0 
0 4 32 0 
8 2 64 0 
32 64 4 0 

cnt : 4, dir : 0

0 0 0 0 
4 32 0 0 
8 2 64 0 
32 64 4 0 

cnt : 4, dir : 1

0 0 0 0 
0 0 4 32 
0 8 2 64 
0 32 64 4 

cnt : 4, dir : 2

8 4 32 0 
0 2 64 0 
32 64 4 0 
0 0 0 0 

cnt : 4, dir : 3

0 0 0 0 
0 4 32 0 
8 2 64 0 
32 64 4 0 

cnt : 2, dir : 1

0 8 4 32 
0 16 2 64 
0 16 64 4 
0 0 0 0 

cnt : 3, dir : 0

8 4 32 0 
16 2 64 0 
16 64 4 0 
0 0 0 0 

cnt : 4, dir : 0

8 4 32 0 
16 2 64 0 
16 64 4 0 
0 0 0 0 

cnt : 4, dir : 1

0 8 4 32 
0 16 2 64 
0 16 64 4 
0 0 0 0 

cnt : 4, dir : 2

8 4 32 0 
32 2 64 0 
0 64 4 0 
0 0 0 0 

cnt : 4, dir : 3

0 0 0 0 
0 4 32 0 
8 2 64 0 
32 64 4 0 

cnt : 3, dir : 1

0 8 4 32 
0 16 2 64 
0 16 64 4 
0 0 0 0 

cnt : 4, dir : 0

8 4 32 0 
16 2 64 0 
16 64 4 0 
0 0 0 0 

cnt : 4, dir : 1

0 8 4 32 
0 16 2 64 
0 16 64 4 
0 0 0 0 

cnt : 4, dir : 2

0 8 4 32 
0 32 2 64 
0 0 64 4 
0 0 0 0 

cnt : 4, dir : 3

0 0 0 0 
0 0 4 32 
0 8 2 64 
0 32 64 4 

cnt : 3, dir : 2

0 8 4 32 
0 32 2 64 
0 0 64 4 
0 0 0 0 

cnt : 4, dir : 0

8 4 32 0 
32 2 64 0 
64 0 4 0 
0 0 0 0 

cnt : 4, dir : 1

0 8 4 32 
0 32 2 64 
0 0 64 4 
0 0 0 0 

cnt : 4, dir : 2

0 8 4 32 
0 32 2 64 
0 0 64 4 
0 0 0 0 

cnt : 4, dir : 3

0 0 0 0 
0 8 4 32 
0 0 2 64 
0 32 64 4 

cnt : 3, dir : 3

0 0 0 0 
0 0 4 32 
0 8 2 64 
0 32 64 4 

cnt : 4, dir : 0

0 0 0 0 
4 0 32 0 
8 2 64 0 
32 64 4 0 

cnt : 4, dir : 1

0 0 0 0 
0 0 4 32 
0 8 2 64 
0 32 64 4 

cnt : 4, dir : 2

0 8 4 32 
0 0 2 64 
0 32 64 4 
0 0 0 0 

cnt : 4, dir : 3

0 0 0 0 
0 0 4 32 
0 8 2 64 
0 32 64 4 

cnt : 2, dir : 2

8 4 32 0 
32 2 64 0 
0 64 4 0 
0 0 0 0 

cnt : 3, dir : 0

8 4 32 0 
32 2 64 0 
64 4 0 0 
0 0 0 0 

cnt : 4, dir : 0

8 4 32 0 
32 2 64 0 
64 4 0 0 
0 0 0 0 

cnt : 4, dir : 1

0 8 4 32 
0 32 2 64 
0 64 0 4 
0 0 0 0 

cnt : 4, dir : 2

8 4 32 0 
32 2 64 0 
64 4 0 0 
0 0 0 0 

cnt : 4, dir : 3

0 0 0 0 
8 4 32 0 
32 2 0 0 
64 4 64 0 

cnt : 3, dir : 1

0 8 4 32 
0 32 2 64 
0 0 64 4 
0 0 0 0 

cnt : 4, dir : 0

8 4 32 0 
32 2 64 0 
64 0 4 0 
0 0 0 0 

cnt : 4, dir : 1

0 8 4 32 
0 32 2 64 
0 0 64 4 
0 0 0 0 

cnt : 4, dir : 2

0 8 4 32 
0 32 2 64 
0 0 64 4 
0 0 0 0 

cnt : 4, dir : 3

0 0 0 0 
0 8 4 32 
0 0 2 64 
0 32 64 4 

cnt : 3, dir : 2

8 4 32 0 
32 2 64 0 
0 64 4 0 
0 0 0 0 

cnt : 4, dir : 0

8 4 32 0 
32 2 64 0 
64 4 0 0 
0 0 0 0 

cnt : 4, dir : 1

0 8 4 32 
0 32 2 64 
0 0 64 4 
0 0 0 0 

cnt : 4, dir : 2

8 4 32 0 
32 2 64 0 
0 64 4 0 
0 0 0 0 

cnt : 4, dir : 3

0 0 0 0 
8 4 32 0 
0 2 64 0 
32 64 4 0 

cnt : 3, dir : 3

0 0 0 0 
8 4 32 0 
0 2 64 0 
32 64 4 0 

cnt : 4, dir : 0

0 0 0 0 
8 4 32 0 
2 64 0 0 
32 64 4 0 

cnt : 4, dir : 1

0 0 0 0 
0 8 4 32 
0 0 2 64 
0 32 64 4 

cnt : 4, dir : 2

8 4 32 0 
32 2 64 0 
0 64 4 0 
0 0 0 0 

cnt : 4, dir : 3

0 0 0 0 
0 4 32 0 
8 2 64 0 
32 64 4 0 

cnt : 2, dir : 3

0 0 0 0 
0 4 32 0 
8 2 64 0 
32 64 4 0 

cnt : 3, dir : 0

0 0 0 0 
4 32 0 0 
8 2 64 0 
32 64 4 0 

cnt : 4, dir : 0

0 0 0 0 
4 32 0 0 
8 2 64 0 
32 64 4 0 

cnt : 4, dir : 1

0 0 0 0 
0 4 0 32 
0 8 2 64 
0 32 64 4 

cnt : 4, dir : 2

4 32 64 0 
8 2 0 0 
32 64 4 0 
0 0 0 0 

cnt : 4, dir : 3

0 0 0 0 
4 32 0 0 
8 2 64 0 
32 64 4 0 

cnt : 3, dir : 1

0 0 0 0 
0 0 4 32 
0 8 2 64 
0 32 64 4 

cnt : 4, dir : 0

0 0 0 0 
4 0 32 0 
8 2 64 0 
32 64 4 0 

cnt : 4, dir : 1

0 0 0 0 
0 0 4 32 
0 8 2 64 
0 32 64 4 

cnt : 4, dir : 2

0 8 4 32 
0 0 2 64 
0 32 64 4 
0 0 0 0 

cnt : 4, dir : 3

0 0 0 0 
0 0 4 32 
0 8 2 64 
0 32 64 4 

cnt : 3, dir : 2

8 4 32 0 
0 2 64 0 
32 64 4 0 
0 0 0 0 

cnt : 4, dir : 0

8 4 32 0 
2 64 0 0 
32 64 4 0 
0 0 0 0 

cnt : 4, dir : 1

0 8 4 32 
0 0 2 64 
0 32 64 4 
0 0 0 0 

cnt : 4, dir : 2

8 4 32 0 
32 2 64 0 
0 64 4 0 
0 0 0 0 

cnt : 4, dir : 3

0 0 0 0 
0 4 32 0 
8 2 64 0 
32 64 4 0 

cnt : 3, dir : 3

0 0 0 0 
0 4 32 0 
8 2 64 0 
32 64 4 0 

cnt : 4, dir : 0

0 0 0 0 
4 32 0 0 
8 2 64 0 
32 64 4 0 

cnt : 4, dir : 1

0 0 0 0 
0 0 4 32 
0 8 2 64 
0 32 64 4 

cnt : 4, dir : 2

8 4 32 0 
0 2 64 0 
32 64 4 0 
0 0 0 0 

cnt : 4, dir : 3

0 0 0 0 
0 4 32 0 
8 2 64 0 
32 64 4 0 

cnt : 1, dir : 1

0 4 8 32 
0 16 2 64 
0 16 64 4 
0 0 0 0 

cnt : 2, dir : 0

4 8 32 0 
16 2 64 0 
16 64 4 0 
0 0 0 0 

cnt : 3, dir : 0

4 8 32 0 
16 2 64 0 
16 64 4 0 
0 0 0 0 

cnt : 4, dir : 0

4 8 32 0 
16 2 64 0 
16 64 4 0 
0 0 0 0 

cnt : 4, dir : 1

0 4 8 32 
0 16 2 64 
0 16 64 4 
0 0 0 0 

cnt : 4, dir : 2

4 8 32 0 
32 2 64 0 
0 64 4 0 
0 0 0 0 

cnt : 4, dir : 3

0 0 0 0 
0 8 32 0 
4 2 64 0 
32 64 4 0 

cnt : 3, dir : 1

0 4 8 32 
0 16 2 64 
0 16 64 4 
0 0 0 0 

cnt : 4, dir : 0

4 8 32 0 
16 2 64 0 
16 64 4 0 
0 0 0 0 

cnt : 4, dir : 1

0 4 8 32 
0 16 2 64 
0 16 64 4 
0 0 0 0 

cnt : 4, dir : 2

0 4 8 32 
0 32 2 64 
0 0 64 4 
0 0 0 0 

cnt : 4, dir : 3

0 0 0 0 
0 0 8 32 
0 4 2 64 
0 32 64 4 

cnt : 3, dir : 2

4 8 32 0 
32 2 64 0 
0 64 4 0 
0 0 0 0 

cnt : 4, dir : 0

4 8 32 0 
32 2 64 0 
64 4 0 0 
0 0 0 0 

cnt : 4, dir : 1

0 4 8 32 
0 32 2 64 
0 0 64 4 
0 0 0 0 

cnt : 4, dir : 2

4 8 32 0 
32 2 64 0 
0 64 4 0 
0 0 0 0 

cnt : 4, dir : 3

0 0 0 0 
4 8 32 0 
0 2 64 0 
32 64 4 0 

cnt : 3, dir : 3

0 0 0 0 
0 8 32 0 
4 2 64 0 
32 64 4 0 

cnt : 4, dir : 0

0 0 0 0 
8 32 0 0 
4 2 64 0 
32 64 4 0 

cnt : 4, dir : 1

0 0 0 0 
0 0 8 32 
0 4 2 64 
0 32 64 4 

cnt : 4, dir : 2

4 8 32 0 
0 2 64 0 
32 64 4 0 
0 0 0 0 

cnt : 4, dir : 3

0 0 0 0 
0 8 32 0 
4 2 64 0 
32 64 4 0 

cnt : 2, dir : 1

0 4 8 32 
0 16 2 64 
0 16 64 4 
0 0 0 0 

cnt : 3, dir : 0

4 8 32 0 
16 2 64 0 
16 64 4 0 
0 0 0 0 

cnt : 4, dir : 0

4 8 32 0 
16 2 64 0 
16 64 4 0 
0 0 0 0 

cnt : 4, dir : 1

0 4 8 32 
0 16 2 64 
0 16 64 4 
0 0 0 0 

cnt : 4, dir : 2

4 8 32 0 
32 2 64 0 
0 64 4 0 
0 0 0 0 

cnt : 4, dir : 3

0 0 0 0 
0 8 32 0 
4 2 64 0 
32 64 4 0 

cnt : 3, dir : 1

0 4 8 32 
0 16 2 64 
0 16 64 4 
0 0 0 0 

cnt : 4, dir : 0

4 8 32 0 
16 2 64 0 
16 64 4 0 
0 0 0 0 

cnt : 4, dir : 1

0 4 8 32 
0 16 2 64 
0 16 64 4 
0 0 0 0 

cnt : 4, dir : 2

0 4 8 32 
0 32 2 64 
0 0 64 4 
0 0 0 0 

cnt : 4, dir : 3

0 0 0 0 
0 0 8 32 
0 4 2 64 
0 32 64 4 

cnt : 3, dir : 2

0 4 8 32 
0 32 2 64 
0 0 64 4 
0 0 0 0 

cnt : 4, dir : 0

4 8 32 0 
32 2 64 0 
64 0 4 0 
0 0 0 0 

cnt : 4, dir : 1

0 4 8 32 
0 32 2 64 
0 0 64 4 
0 0 0 0 

cnt : 4, dir : 2

0 4 8 32 
0 32 2 64 
0 0 64 4 
0 0 0 0 

cnt : 4, dir : 3

0 0 0 0 
0 4 8 32 
0 0 2 64 
0 32 64 4 

cnt : 3, dir : 3

0 0 0 0 
0 0 8 32 
0 4 2 64 
0 32 64 4 

cnt : 4, dir : 0

0 0 0 0 
8 0 32 0 
4 2 64 0 
32 64 4 0 

cnt : 4, dir : 1

0 0 0 0 
0 0 8 32 
0 4 2 64 
0 32 64 4 

cnt : 4, dir : 2

0 4 8 32 
0 0 2 64 
0 32 64 4 
0 0 0 0 

cnt : 4, dir : 3

0 0 0 0 
0 0 8 32 
0 4 2 64 
0 32 64 4 

cnt : 2, dir : 2

0 4 8 32 
0 32 2 64 
0 0 64 4 
0 0 0 0 

cnt : 3, dir : 0

4 8 32 0 
32 2 64 0 
64 0 4 0 
0 0 0 0 

cnt : 4, dir : 0

4 8 32 0 
32 2 64 0 
64 4 0 0 
0 0 0 0 

cnt : 4, dir : 1

0 4 8 32 
0 32 2 64 
0 0 64 4 
0 0 0 0 

cnt : 4, dir : 2

4 8 32 0 
32 2 64 0 
64 0 4 0 
0 0 0 0 

cnt : 4, dir : 3

0 0 0 0 
4 8 32 0 
32 0 64 0 
64 2 4 0 

cnt : 3, dir : 1

0 4 8 32 
0 32 2 64 
0 0 64 4 
0 0 0 0 

cnt : 4, dir : 0

4 8 32 0 
32 2 64 0 
64 0 4 0 
0 0 0 0 

cnt : 4, dir : 1

0 4 8 32 
0 32 2 64 
0 0 64 4 
0 0 0 0 

cnt : 4, dir : 2

0 4 8 32 
0 32 2 64 
0 0 64 4 
0 0 0 0 

cnt : 4, dir : 3

0 0 0 0 
0 4 8 32 
0 0 2 64 
0 32 64 4 

cnt : 3, dir : 2

0 4 8 32 
0 32 2 64 
0 0 64 4 
0 0 0 0 

cnt : 4, dir : 0

4 8 32 0 
32 2 64 0 
64 0 4 0 
0 0 0 0 

cnt : 4, dir : 1

0 4 8 32 
0 32 2 64 
0 0 64 4 
0 0 0 0 

cnt : 4, dir : 2

0 4 8 32 
0 32 2 64 
0 0 64 4 
0 0 0 0 

cnt : 4, dir : 3

0 0 0 0 
0 4 8 32 
0 0 2 64 
0 32 64 4 

cnt : 3, dir : 3

0 0 0 0 
0 4 8 32 
0 0 2 64 
0 32 64 4 

cnt : 4, dir : 0

0 0 0 0 
4 8 32 0 
2 0 64 0 
32 64 4 0 

cnt : 4, dir : 1

0 0 0 0 
0 4 8 32 
0 0 2 64 
0 32 64 4 

cnt : 4, dir : 2

0 4 8 32 
0 32 2 64 
0 0 64 4 
0 0 0 0 

cnt : 4, dir : 3

0 0 0 0 
0 0 8 32 
0 4 2 64 
0 32 64 4 

cnt : 2, dir : 3

0 0 0 0 
0 0 8 32 
0 4 2 64 
0 32 64 4 

cnt : 3, dir : 0

0 0 0 0 
8 0 32 0 
4 2 64 0 
32 64 4 0 

cnt : 4, dir : 0

0 0 0 0 
8 32 0 0 
4 2 64 0 
32 64 4 0 

cnt : 4, dir : 1

0 0 0 0 
0 0 8 32 
0 4 2 64 
0 32 64 4 

cnt : 4, dir : 2

8 2 32 0 
4 0 64 0 
32 64 4 0 
0 0 0 0 

cnt : 4, dir : 3

0 0 0 0 
8 0 32 0 
4 2 64 0 
32 64 4 0 

cnt : 3, dir : 1

0 0 0 0 
0 0 8 32 
0 4 2 64 
0 32 64 4 

cnt : 4, dir : 0

0 0 0 0 
8 0 32 0 
4 2 64 0 
32 64 4 0 

cnt : 4, dir : 1

0 0 0 0 
0 0 8 32 
0 4 2 64 
0 32 64 4 

cnt : 4, dir : 2

0 4 8 32 
0 0 2 64 
0 32 64 4 
0 0 0 0 

cnt : 4, dir : 3

0 0 0 0 
0 0 8 32 
0 4 2 64 
0 32 64 4 

cnt : 3, dir : 2

0 4 8 32 
0 0 2 64 
0 32 64 4 
0 0 0 0 

cnt : 4, dir : 0

4 8 32 0 
2 0 64 0 
32 64 4 0 
0 0 0 0 

cnt : 4, dir : 1

0 4 8 32 
0 0 2 64 
0 32 64 4 
0 0 0 0 

cnt : 4, dir : 2

0 4 8 32 
0 32 2 64 
0 0 64 4 
0 0 0 0 

cnt : 4, dir : 3

0 0 0 0 
0 0 8 32 
0 4 2 64 
0 32 64 4 

cnt : 3, dir : 3

0 0 0 0 
0 0 8 32 
0 4 2 64 
0 32 64 4 

cnt : 4, dir : 0

0 0 0 0 
8 0 32 0 
4 2 64 0 
32 64 4 0 

cnt : 4, dir : 1

0 0 0 0 
0 0 8 32 
0 4 2 64 
0 32 64 4 

cnt : 4, dir : 2

0 4 8 32 
0 0 2 64 
0 32 64 4 
0 0 0 0 

cnt : 4, dir : 3

0 0 0 0 
0 0 8 32 
0 4 2 64 
0 32 64 4 

cnt : 1, dir : 2

4 4 4 32 
8 8 2 64 
0 16 64 4 
0 0 0 0 

cnt : 2, dir : 0

8 4 32 0 
16 2 64 0 
16 64 4 0 
0 0 0 0 

cnt : 3, dir : 0

8 4 32 0 
16 2 64 0 
16 64 4 0 
0 0 0 0 

cnt : 4, dir : 0

8 4 32 0 
16 2 64 0 
16 64 4 0 
0 0 0 0 

cnt : 4, dir : 1

0 8 4 32 
0 16 2 64 
0 16 64 4 
0 0 0 0 

cnt : 4, dir : 2

8 4 32 0 
32 2 64 0 
0 64 4 0 
0 0 0 0 

cnt : 4, dir : 3

0 0 0 0 
0 4 32 0 
8 2 64 0 
32 64 4 0 

cnt : 3, dir : 1

0 8 4 32 
0 16 2 64 
0 16 64 4 
0 0 0 0 

cnt : 4, dir : 0

8 4 32 0 
16 2 64 0 
16 64 4 0 
0 0 0 0 

cnt : 4, dir : 1

0 8 4 32 
0 16 2 64 
0 16 64 4 
0 0 0 0 

cnt : 4, dir : 2

0 8 4 32 
0 32 2 64 
0 0 64 4 
0 0 0 0 

cnt : 4, dir : 3

0 0 0 0 
0 0 4 32 
0 8 2 64 
0 32 64 4 

cnt : 3, dir : 2

8 4 32 0 
32 2 64 0 
0 64 4 0 
0 0 0 0 

cnt : 4, dir : 0

8 4 32 0 
32 2 64 0 
64 4 0 0 
0 0 0 0 

cnt : 4, dir : 1

0 8 4 32 
0 32 2 64 
0 0 64 4 
0 0 0 0 

cnt : 4, dir : 2

8 4 32 0 
32 2 64 0 
0 64 4 0 
0 0 0 0 

cnt : 4, dir : 3

0 0 0 0 
8 4 32 0 
0 2 64 0 
32 64 4 0 

cnt : 3, dir : 3

0 0 0 0 
0 4 32 0 
8 2 64 0 
32 64 4 0 

cnt : 4, dir : 0

0 0 0 0 
4 32 0 0 
8 2 64 0 
32 64 4 0 

cnt : 4, dir : 1

0 0 0 0 
0 0 4 32 
0 8 2 64 
0 32 64 4 

cnt : 4, dir : 2

8 4 32 0 
0 2 64 0 
32 64 4 0 
0 0 0 0 

cnt : 4, dir : 3

0 0 0 0 
0 4 32 0 
8 2 64 0 
32 64 4 0 

cnt : 2, dir : 1

0 4 8 32 
0 16 2 64 
0 16 64 4 
0 0 0 0 

cnt : 3, dir : 0

4 8 32 0 
16 2 64 0 
16 64 4 0 
0 0 0 0 

cnt : 4, dir : 0

4 8 32 0 
16 2 64 0 
16 64 4 0 
0 0 0 0 

cnt : 4, dir : 1

0 4 8 32 
0 16 2 64 
0 16 64 4 
0 0 0 0 

cnt : 4, dir : 2

4 8 32 0 
32 2 64 0 
0 64 4 0 
0 0 0 0 

cnt : 4, dir : 3

0 0 0 0 
0 8 32 0 
4 2 64 0 
32 64 4 0 

cnt : 3, dir : 1

0 4 8 32 
0 16 2 64 
0 16 64 4 
0 0 0 0 

cnt : 4, dir : 0

4 8 32 0 
16 2 64 0 
16 64 4 0 
0 0 0 0 

cnt : 4, dir : 1

0 4 8 32 
0 16 2 64 
0 16 64 4 
0 0 0 0 

cnt : 4, dir : 2

0 4 8 32 
0 32 2 64 
0 0 64 4 
0 0 0 0 

cnt : 4, dir : 3

0 0 0 0 
0 0 8 32 
0 4 2 64 
0 32 64 4 

cnt : 3, dir : 2

0 4 8 32 
0 32 2 64 
0 0 64 4 
0 0 0 0 

cnt : 4, dir : 0

4 8 32 0 
32 2 64 0 
64 0 4 0 
0 0 0 0 

cnt : 4, dir : 1

0 4 8 32 
0 32 2 64 
0 0 64 4 
0 0 0 0 

cnt : 4, dir : 2

0 4 8 32 
0 32 2 64 
0 0 64 4 
0 0 0 0 

cnt : 4, dir : 3

0 0 0 0 
0 4 8 32 
0 0 2 64 
0 32 64 4 

cnt : 3, dir : 3

0 0 0 0 
0 0 8 32 
0 4 2 64 
0 32 64 4 

cnt : 4, dir : 0

0 0 0 0 
8 0 32 0 
4 2 64 0 
32 64 4 0 

cnt : 4, dir : 1

0 0 0 0 
0 0 8 32 
0 4 2 64 
0 32 64 4 

cnt : 4, dir : 2

0 4 8 32 
0 0 2 64 
0 32 64 4 
0 0 0 0 

cnt : 4, dir : 3

0 0 0 0 
0 0 8 32 
0 4 2 64 
0 32 64 4 

cnt : 2, dir : 2

4 4 4 32 
8 8 2 64 
0 16 64 4 
0 0 0 0 

cnt : 3, dir : 0

8 4 32 0 
16 2 64 0 
16 64 4 0 
0 0 0 0 

cnt : 4, dir : 0

8 4 32 0 
16 2 64 0 
16 64 4 0 
0 0 0 0 

cnt : 4, dir : 1

0 8 4 32 
0 16 2 64 
0 16 64 4 
0 0 0 0 

cnt : 4, dir : 2

8 4 32 0 
32 2 64 0 
0 64 4 0 
0 0 0 0 

cnt : 4, dir : 3

0 0 0 0 
0 4 32 0 
8 2 64 0 
32 64 4 0 

cnt : 3, dir : 1

0 4 8 32 
0 16 2 64 
0 16 64 4 
0 0 0 0 

cnt : 4, dir : 0

4 8 32 0 
16 2 64 0 
16 64 4 0 
0 0 0 0 

cnt : 4, dir : 1

0 4 8 32 
0 16 2 64 
0 16 64 4 
0 0 0 0 

cnt : 4, dir : 2

0 4 8 32 
0 32 2 64 
0 0 64 4 
0 0 0 0 

cnt : 4, dir : 3

0 0 0 0 
0 0 8 32 
0 4 2 64 
0 32 64 4 

cnt : 3, dir : 2

4 4 4 32 
8 8 2 64 
0 16 64 4 
0 0 0 0 

cnt : 4, dir : 0

8 4 32 0 
16 2 64 0 
16 64 4 0 
0 0 0 0 

cnt : 4, dir : 1

0 4 8 32 
0 16 2 64 
0 16 64 4 
0 0 0 0 

cnt : 4, dir : 2

4 4 4 32 
8 8 2 64 
0 16 64 4 
0 0 0 0 

cnt : 4, dir : 3

0 0 0 0 
4 4 4 32 
0 8 2 64 
8 16 64 4 

cnt : 3, dir : 3

0 0 0 0 
4 4 4 32 
0 8 2 64 
8 16 64 4 

cnt : 4, dir : 0

0 0 0 0 
8 4 32 0 
8 2 64 0 
8 16 64 4 

cnt : 4, dir : 1

0 0 0 0 
0 4 8 32 
0 8 2 64 
8 16 64 4 

cnt : 4, dir : 2

4 4 4 32 
8 8 2 64 
0 16 64 4 
0 0 0 0 

cnt : 4, dir : 3

0 0 0 0 
0 4 4 32 
4 8 2 64 
8 16 64 4 

cnt : 2, dir : 3

0 0 0 0 
4 4 4 32 
0 8 2 64 
8 16 64 4 

cnt : 3, dir : 0

0 0 0 0 
8 4 32 0 
8 2 64 0 
8 16 64 4 

cnt : 4, dir : 0

0 0 0 0 
8 4 32 0 
8 2 64 0 
8 16 64 4 

cnt : 4, dir : 1

0 0 0 0 
0 8 4 32 
0 8 2 64 
8 16 64 4 

cnt : 4, dir : 2

16 4 32 4 
8 2 128 0 
0 16 0 0 
0 0 0 0 

cnt : 4, dir : 3

0 0 0 0 
0 4 0 0 
8 2 32 0 
16 16 128 4 

cnt : 3, dir : 1

0 0 0 0 
0 4 8 32 
0 8 2 64 
8 16 64 4 

cnt : 4, dir : 0

0 0 0 0 
4 8 32 0 
8 2 64 0 
8 16 64 4 

cnt : 4, dir : 1

0 0 0 0 
0 4 8 32 
0 8 2 64 
8 16 64 4 

cnt : 4, dir : 2

8 4 8 32 
0 8 2 64 
0 16 64 4 
0 0 0 0 

cnt : 4, dir : 3

0 0 0 0 
0 4 8 32 
0 8 2 64 
8 16 64 4 

cnt : 3, dir : 2

4 4 4 32 
8 8 2 64 
0 16 64 4 
0 0 0 0 

cnt : 4, dir : 0

8 4 32 0 
16 2 64 0 
16 64 4 0 
0 0 0 0 

cnt : 4, dir : 1

0 4 8 32 
0 16 2 64 
0 16 64 4 
0 0 0 0 

cnt : 4, dir : 2

4 4 4 32 
8 8 2 64 
0 16 64 4 
0 0 0 0 

cnt : 4, dir : 3

0 0 0 0 
4 4 4 32 
0 8 2 64 
8 16 64 4 

cnt : 3, dir : 3

0 0 0 0 
0 4 4 32 
4 8 2 64 
8 16 64 4 

cnt : 4, dir : 0

0 0 0 0 
8 32 0 0 
4 8 2 64 
8 16 64 4 

cnt : 4, dir : 1

0 0 0 0 
0 0 8 32 
4 8 2 64 
8 16 64 4 

cnt : 4, dir : 2

4 4 4 32 
0 8 2 64 
8 16 64 4 
0 0 0 0 

cnt : 4, dir : 3

0 0 0 0 
0 4 4 32 
4 8 2 64 
8 16 64 4 

cnt : 1, dir : 3

0 0 0 0 
4 4 4 32 
0 8 2 64 
8 16 64 4 

cnt : 2, dir : 0

0 0 0 0 
8 4 32 0 
8 2 64 0 
8 16 64 4 

cnt : 3, dir : 0

0 0 0 0 
8 4 32 0 
8 2 64 0 
8 16 64 4 

cnt : 4, dir : 0

0 0 0 0 
8 4 32 0 
8 2 64 0 
8 16 64 4 

cnt : 4, dir : 1

0 0 0 0 
0 8 4 32 
0 8 2 64 
8 16 64 4 

cnt : 4, dir : 2

16 4 32 4 
8 2 128 0 
0 16 0 0 
0 0 0 0 

cnt : 4, dir : 3

0 0 0 0 
0 4 0 0 
8 2 32 0 
16 16 128 4 

cnt : 3, dir : 1

0 0 0 0 
0 8 4 32 
0 8 2 64 
8 16 64 4 

cnt : 4, dir : 0

0 0 0 0 
8 4 32 0 
8 2 64 0 
8 16 64 4 

cnt : 4, dir : 1

0 0 0 0 
0 8 4 32 
0 8 2 64 
8 16 64 4 

cnt : 4, dir : 2

8 16 4 32 
0 16 2 64 
0 0 64 4 
0 0 0 0 

cnt : 4, dir : 3

0 0 0 0 
0 0 4 32 
0 16 2 64 
8 16 64 4 

cnt : 3, dir : 2

16 4 32 4 
8 2 128 0 
0 16 0 0 
0 0 0 0 

cnt : 4, dir : 0

16 4 32 4 
8 2 128 0 
16 0 0 0 
0 0 0 0 

cnt : 4, dir : 1

16 4 32 4 
0 8 2 128 
0 0 0 16 
0 0 0 0 

cnt : 4, dir : 2

16 4 32 4 
8 2 128 0 
0 16 0 0 
0 0 0 0 

cnt : 4, dir : 3

0 0 0 0 
16 4 32 0 
0 2 0 0 
8 16 128 4 

cnt : 3, dir : 3

0 0 0 0 
0 4 0 0 
8 2 32 0 
16 16 128 4 

cnt : 4, dir : 0

0 0 0 0 
4 0 0 0 
8 2 32 0 
32 128 4 0 

cnt : 4, dir : 1

0 0 0 0 
0 0 0 4 
0 8 2 32 
0 32 128 4 

cnt : 4, dir : 2

8 4 32 4 
0 2 0 0 
16 16 128 0 
0 0 0 0 

cnt : 4, dir : 3

0 0 0 0 
0 4 0 0 
8 2 32 0 
16 16 128 4 

cnt : 2, dir : 1

0 0 0 0 
0 4 8 32 
0 8 2 64 
8 16 64 4 

cnt : 3, dir : 0

0 0 0 0 
4 8 32 0 
8 2 64 0 
8 16 64 4 

cnt : 4, dir : 0

0 0 0 0 
4 8 32 0 
8 2 64 0 
8 16 64 4 

cnt : 4, dir : 1

0 0 0 0 
0 4 8 32 
0 8 2 64 
8 16 64 4 

cnt : 4, dir : 2

4 8 32 4 
16 2 128 0 
0 16 0 0 
0 0 0 0 

cnt : 4, dir : 3

0 0 0 0 
0 8 0 0 
4 2 32 0 
16 16 128 4 

cnt : 3, dir : 1

0 0 0 0 
0 4 8 32 
0 8 2 64 
8 16 64 4 

cnt : 4, dir : 0

0 0 0 0 
4 8 32 0 
8 2 64 0 
8 16 64 4 

cnt : 4, dir : 1

0 0 0 0 
0 4 8 32 
0 8 2 64 
8 16 64 4 

cnt : 4, dir : 2

8 4 8 32 
0 8 2 64 
0 16 64 4 
0 0 0 0 

cnt : 4, dir : 3

0 0 0 0 
0 4 8 32 
0 8 2 64 
8 16 64 4 

cnt : 3, dir : 2

8 4 8 32 
0 8 2 64 
0 16 64 4 
0 0 0 0 

cnt : 4, dir : 0

8 4 8 32 
8 2 64 0 
16 64 4 0 
0 0 0 0 

cnt : 4, dir : 1

8 4 8 32 
0 8 2 64 
0 16 64 4 
0 0 0 0 

cnt : 4, dir : 2

8 4 8 32 
0 8 2 64 
0 16 64 4 
0 0 0 0 

cnt : 4, dir : 3

0 0 0 0 
0 4 8 32 
0 8 2 64 
8 16 64 4 

cnt : 3, dir : 3

0 0 0 0 
0 4 8 32 
0 8 2 64 
8 16 64 4 

cnt : 4, dir : 0

0 0 0 0 
4 8 32 0 
8 2 64 0 
8 16 64 4 

cnt : 4, dir : 1

0 0 0 0 
0 4 8 32 
0 8 2 64 
8 16 64 4 

cnt : 4, dir : 2

8 4 8 32 
0 8 2 64 
0 16 64 4 
0 0 0 0 

cnt : 4, dir : 3

0 0 0 0 
0 4 8 32 
0 8 2 64 
8 16 64 4 

cnt : 2, dir : 2

4 4 4 32 
8 8 2 64 
0 16 64 4 
0 0 0 0 

cnt : 3, dir : 0

8 4 32 0 
16 2 64 0 
16 64 4 0 
0 0 0 0 

cnt : 4, dir : 0

8 4 32 0 
16 2 64 0 
16 64 4 0 
0 0 0 0 

cnt : 4, dir : 1

0 8 4 32 
0 16 2 64 
0 16 64 4 
0 0 0 0 

cnt : 4, dir : 2

8 4 32 0 
32 2 64 0 
0 64 4 0 
0 0 0 0 

cnt : 4, dir : 3

0 0 0 0 
0 4 32 0 
8 2 64 0 
32 64 4 0 

cnt : 3, dir : 1

0 4 8 32 
0 16 2 64 
0 16 64 4 
0 0 0 0 

cnt : 4, dir : 0

4 8 32 0 
16 2 64 0 
16 64 4 0 
0 0 0 0 

cnt : 4, dir : 1

0 4 8 32 
0 16 2 64 
0 16 64 4 
0 0 0 0 

cnt : 4, dir : 2

0 4 8 32 
0 32 2 64 
0 0 64 4 
0 0 0 0 

cnt : 4, dir : 3

0 0 0 0 
0 0 8 32 
0 4 2 64 
0 32 64 4 

cnt : 3, dir : 2

4 4 4 32 
8 8 2 64 
0 16 64 4 
0 0 0 0 

cnt : 4, dir : 0

8 4 32 0 
16 2 64 0 
16 64 4 0 
0 0 0 0 

cnt : 4, dir : 1

0 4 8 32 
0 16 2 64 
0 16 64 4 
0 0 0 0 

cnt : 4, dir : 2

4 4 4 32 
8 8 2 64 
0 16 64 4 
0 0 0 0 

cnt : 4, dir : 3

0 0 0 0 
4 4 4 32 
0 8 2 64 
8 16 64 4 

cnt : 3, dir : 3

0 0 0 0 
4 4 4 32 
0 8 2 64 
8 16 64 4 

cnt : 4, dir : 0

0 0 0 0 
8 4 32 0 
8 2 64 0 
8 16 64 4 

cnt : 4, dir : 1

0 0 0 0 
0 4 8 32 
0 8 2 64 
8 16 64 4 

cnt : 4, dir : 2

4 4 4 32 
8 8 2 64 
0 16 64 4 
0 0 0 0 

cnt : 4, dir : 3

0 0 0 0 
0 4 4 32 
4 8 2 64 
8 16 64 4 

cnt : 2, dir : 3

0 0 0 0 
0 4 4 32 
4 8 2 64 
8 16 64 4 

cnt : 3, dir : 0

0 0 0 0 
8 32 0 0 
4 8 2 64 
8 16 64 4 

cnt : 4, dir : 0

0 0 0 0 
8 32 0 0 
4 8 2 64 
8 16 64 4 

cnt : 4, dir : 1

0 0 0 0 
0 8 0 32 
4 8 2 64 
8 16 64 4 

cnt : 4, dir : 2

8 32 2 64 
4 8 0 0 
8 16 64 4 
0 0 0 0 

cnt : 4, dir : 3

0 0 0 0 
8 32 0 0 
4 8 2 64 
8 16 64 4 

cnt : 3, dir : 1

0 0 0 0 
0 0 8 32 
4 8 2 64 
8 16 64 4 

cnt : 4, dir : 0

0 0 0 0 
8 0 32 0 
4 8 2 64 
8 16 64 4 

cnt : 4, dir : 1

0 0 0 0 
0 0 8 32 
4 8 2 64 
8 16 64 4 

cnt : 4, dir : 2

4 8 8 32 
0 0 2 64 
8 16 64 4 
0 0 0 0 

cnt : 4, dir : 3

0 0 0 0 
0 0 8 32 
4 8 2 64 
8 16 64 4 

cnt : 3, dir : 2

4 4 4 32 
0 8 2 64 
8 16 64 4 
0 0 0 0 

cnt : 4, dir : 0

8 4 32 0 
8 2 64 0 
8 16 64 4 
0 0 0 0 

cnt : 4, dir : 1

0 4 8 32 
0 8 2 64 
8 16 64 4 
0 0 0 0 

cnt : 4, dir : 2

4 4 4 32 
8 8 2 64 
0 16 64 4 
0 0 0 0 

cnt : 4, dir : 3

0 0 0 0 
0 4 4 32 
4 8 2 64 
8 16 64 4 

cnt : 3, dir : 3

0 0 0 0 
0 4 4 32 
4 8 2 64 
8 16 64 4 

cnt : 4, dir : 0

0 0 0 0 
8 32 0 0 
4 8 2 64 
8 16 64 4 

cnt : 4, dir : 1

0 0 0 0 
0 0 8 32 
4 8 2 64 
8 16 64 4 

cnt : 4, dir : 2

4 4 4 32 
0 8 2 64 
8 16 64 4 
0 0 0 0 

cnt : 4, dir : 3

0 0 0 0 
0 4 4 32 
4 8 2 64 
8 16 64 4 

cnt : 0, dir : 3

0 0 0 0 
0 4 4 32 
4 8 2 64 
8 16 64 4 

cnt : 1, dir : 0

0 0 0 0 
8 32 0 0 
4 8 2 64 
8 16 64 4 

cnt : 2, dir : 0

0 0 0 0 
8 32 0 0 
4 8 2 64 
8 16 64 4 

cnt : 3, dir : 0

0 0 0 0 
8 32 0 0 
4 8 2 64 
8 16 64 4 

cnt : 4, dir : 0

0 0 0 0 
8 32 0 0 
4 8 2 64 
8 16 64 4 

cnt : 4, dir : 1

0 0 0 0 
0 8 0 32 
4 8 2 64 
8 16 64 4 

cnt : 4, dir : 2

8 32 2 64 
4 8 0 0 
8 16 64 4 
0 0 0 0 

cnt : 4, dir : 3

0 0 0 0 
8 32 0 0 
4 8 2 64 
8 16 64 4 

cnt : 3, dir : 1

0 0 0 0 
0 8 0 32 
4 8 2 64 
8 16 64 4 

cnt : 4, dir : 0

0 0 0 0 
8 32 0 0 
4 8 2 64 
8 16 64 4 

cnt : 4, dir : 1

0 0 0 0 
0 0 8 32 
4 8 2 64 
8 16 64 4 

cnt : 4, dir : 2

4 16 2 32 
0 16 0 64 
8 0 64 4 
0 0 0 0 

cnt : 4, dir : 3

0 0 0 0 
0 0 0 32 
4 16 2 64 
8 16 64 4 

cnt : 3, dir : 2

8 32 2 64 
4 8 0 0 
8 16 64 4 
0 0 0 0 

cnt : 4, dir : 0

8 32 2 64 
4 8 0 0 
8 16 64 4 
0 0 0 0 

cnt : 4, dir : 1

8 32 2 64 
0 4 0 8 
8 16 64 4 
0 0 0 0 

cnt : 4, dir : 2

8 32 2 64 
4 8 64 4 
8 16 0 0 
0 0 0 0 

cnt : 4, dir : 3

0 0 0 0 
8 32 0 0 
4 8 2 64 
8 16 64 4 

cnt : 3, dir : 3

0 0 0 0 
8 32 0 0 
4 8 2 64 
8 16 64 4 

cnt : 4, dir : 0

0 0 0 0 
8 32 0 0 
4 8 2 64 
8 16 64 4 

cnt : 4, dir : 1

0 0 0 0 
0 8 0 32 
4 8 2 64 
8 16 64 4 

cnt : 4, dir : 2

8 32 2 64 
4 8 0 0 
8 16 64 4 
0 0 0 0 

cnt : 4, dir : 3

0 0 0 0 
8 32 0 0 
4 8 2 64 
8 16 64 4 

cnt : 2, dir : 1

0 0 0 0 
0 8 0 32 
4 8 2 64 
8 16 64 4 

cnt : 3, dir : 0

0 0 0 0 
8 32 0 0 
4 8 2 64 
8 16 64 4 

cnt : 4, dir : 0

0 0 0 0 
8 32 0 0 
4 8 2 64 
8 16 64 4 

cnt : 4, dir : 1

0 0 0 0 
0 8 0 32 
4 8 2 64 
8 16 64 4 

cnt : 4, dir : 2

8 32 2 64 
4 8 0 0 
8 16 64 4 
0 0 0 0 

cnt : 4, dir : 3

0 0 0 0 
8 32 0 0 
4 8 2 64 
8 16 64 4 

cnt : 3, dir : 1

0 0 0 0 
0 0 8 32 
4 8 2 64 
8 16 64 4 

cnt : 4, dir : 0

0 0 0 0 
8 0 32 0 
4 8 2 64 
8 16 64 4 

cnt : 4, dir : 1

0 0 0 0 
0 0 8 32 
4 8 2 64 
8 16 64 4 

cnt : 4, dir : 2

4 8 8 32 
0 0 2 64 
8 16 64 4 
0 0 0 0 

cnt : 4, dir : 3

0 0 0 0 
0 0 8 32 
4 8 2 64 
8 16 64 4 

cnt : 3, dir : 2

4 16 2 32 
0 16 0 64 
8 0 64 4 
0 0 0 0 

cnt : 4, dir : 0

4 16 2 32 
16 64 0 0 
8 64 4 0 
0 0 0 0 

cnt : 4, dir : 1

4 16 2 32 
0 0 16 64 
0 8 64 4 
0 0 0 0 

cnt : 4, dir : 2

4 32 2 32 
8 0 64 64 
0 0 0 4 
0 0 0 0 

cnt : 4, dir : 3

0 0 0 0 
0 0 0 32 
4 0 2 64 
8 32 64 4 

cnt : 3, dir : 3

0 0 0 0 
0 0 0 32 
4 16 2 64 
8 16 64 4 

cnt : 4, dir : 0

0 0 0 0 
32 0 0 0 
4 16 2 64 
8 16 64 4 

cnt : 4, dir : 1

0 0 0 0 
0 0 0 32 
4 16 2 64 
8 16 64 4 

cnt : 4, dir : 2

4 32 2 32 
0 0 0 64 
8 0 64 4 
0 0 0 0 

cnt : 4, dir : 3

0 0 0 0 
0 0 0 32 
4 0 2 64 
8 32 64 4 

cnt : 2, dir : 2

8 32 2 64 
4 8 0 0 
8 16 64 4 
0 0 0 0 

cnt : 3, dir : 0

8 32 2 64 
4 8 0 0 
8 16 64 4 
0 0 0 0 

cnt : 4, dir : 0

8 32 2 64 
4 8 0 0 
8 16 64 4 
0 0 0 0 

cnt : 4, dir : 1

8 32 2 64 
0 4 0 8 
8 16 64 4 
0 0 0 0 

cnt : 4, dir : 2

8 32 2 64 
4 8 64 4 
8 16 0 0 
0 0 0 0 

cnt : 4, dir : 3

0 0 0 0 
8 32 0 0 
4 8 2 64 
8 16 64 4 

cnt : 3, dir : 1

8 32 2 64 
0 4 0 8 
8 16 64 4 
0 0 0 0 

cnt : 4, dir : 0

8 32 2 64 
4 8 0 0 
8 16 64 4 
0 0 0 0 

cnt : 4, dir : 1

8 32 2 64 
0 0 4 8 
8 16 64 4 
0 0 0 0 

cnt : 4, dir : 2

16 32 2 64 
0 4 64 8 
0 16 0 4 
0 0 0 0 

cnt : 4, dir : 3

0 0 0 0 
0 32 0 64 
0 4 2 8 
16 16 64 4 

cnt : 3, dir : 2

8 32 2 64 
4 8 64 4 
8 16 0 0 
0 0 0 0 

cnt : 4, dir : 0

8 32 2 64 
4 8 64 4 
8 16 0 0 
0 0 0 0 

cnt : 4, dir : 1

8 32 2 64 
4 8 64 4 
0 8 0 16 
0 0 0 0 

cnt : 4, dir : 2

8 32 2 64 
4 8 64 4 
8 16 0 0 
0 0 0 0 

cnt : 4, dir : 3

0 0 0 0 
8 32 2 64 
4 8 0 0 
8 16 64 4 

cnt : 3, dir : 3

0 0 0 0 
8 32 0 0 
4 8 2 64 
8 16 64 4 

cnt : 4, dir : 0

0 0 0 0 
8 32 0 0 
4 8 2 64 
8 16 64 4 

cnt : 4, dir : 1

0 0 0 0 
0 8 0 32 
4 8 2 64 
8 16 64 4 

cnt : 4, dir : 2

8 32 2 64 
4 8 0 0 
8 16 64 4 
0 0 0 0 

cnt : 4, dir : 3

0 0 0 0 
8 32 0 0 
4 8 2 64 
8 16 64 4 

cnt : 2, dir : 3

0 0 0 0 
8 32 0 0 
4 8 2 64 
8 16 64 4 

cnt : 3, dir : 0

0 0 0 0 
8 32 0 0 
4 8 2 64 
8 16 64 4 

cnt : 4, dir : 0

0 0 0 0 
8 32 0 0 
4 8 2 64 
8 16 64 4 

cnt : 4, dir : 1

0 0 0 0 
0 8 0 32 
4 8 2 64 
8 16 64 4 

cnt : 4, dir : 2

8 32 2 64 
4 8 0 0 
8 16 64 4 
0 0 0 0 

cnt : 4, dir : 3

0 0 0 0 
8 32 0 0 
4 8 2 64 
8 16 64 4 

cnt : 3, dir : 1

0 0 0 0 
0 8 0 32 
4 8 2 64 
8 16 64 4 

cnt : 4, dir : 0

0 0 0 0 
8 32 0 0 
4 8 2 64 
8 16 64 4 

cnt : 4, dir : 1

0 0 0 0 
0 0 8 32 
4 8 2 64 
8 16 64 4 

cnt : 4, dir : 2

4 16 2 32 
0 16 0 64 
8 0 64 4 
0 0 0 0 

cnt : 4, dir : 3

0 0 0 0 
0 0 0 32 
4 16 2 64 
8 16 64 4 

cnt : 3, dir : 2

8 32 2 64 
4 8 0 0 
8 16 64 4 
0 0 0 0 

cnt : 4, dir : 0

8 32 2 64 
4 8 0 0 
8 16 64 4 
0 0 0 0 

cnt : 4, dir : 1

8 32 2 64 
0 4 0 8 
8 16 64 4 
0 0 0 0 

cnt : 4, dir : 2

8 32 2 64 
4 8 64 4 
8 16 0 0 
0 0 0 0 

cnt : 4, dir : 3

0 0 0 0 
8 32 0 0 
4 8 2 64 
8 16 64 4 

cnt : 3, dir : 3

0 0 0 0 
8 32 0 0 
4 8 2 64 
8 16 64 4 

cnt : 4, dir : 0

0 0 0 0 
8 32 0 0 
4 8 2 64 
8 16 64 4 

cnt : 4, dir : 1

0 0 0 0 
0 8 0 32 
4 8 2 64 
8 16 64 4 

cnt : 4, dir : 2

8 32 2 64 
4 8 0 0 
8 16 64 4 
0 0 0 0 

cnt : 4, dir : 3

0 0 0 0 
8 32 0 0 
4 8 2 64 
8 16 64 4 

cnt : 1, dir : 1

0 0 0 0 
0 0 8 32 
4 8 2 64 
8 16 64 4 

cnt : 2, dir : 0

0 0 0 0 
8 0 32 0 
4 8 2 64 
8 16 64 4 

cnt : 3, dir : 0

0 0 0 0 
8 32 0 0 
4 8 2 64 
8 16 64 4 

cnt : 4, dir : 0

0 0 0 0 
8 32 0 0 
4 8 2 64 
8 16 64 4 

cnt : 4, dir : 1

0 0 0 0 
0 8 0 32 
4 8 2 64 
8 16 64 4 

cnt : 4, dir : 2

8 32 2 64 
4 8 0 0 
8 16 64 4 
0 0 0 0 

cnt : 4, dir : 3

0 0 0 0 
8 32 0 0 
4 8 2 64 
8 16 64 4 

cnt : 3, dir : 1

0 0 0 0 
0 0 8 32 
4 8 2 64 
8 16 64 4 

cnt : 4, dir : 0

0 0 0 0 
8 0 32 0 
4 8 2 64 
8 16 64 4 

cnt : 4, dir : 1

0 0 0 0 
0 0 8 32 
4 8 2 64 
8 16 64 4 

cnt : 4, dir : 2

4 8 8 32 
0 0 2 64 
8 16 64 4 
0 0 0 0 

cnt : 4, dir : 3

0 0 0 0 
0 0 8 32 
4 8 2 64 
8 16 64 4 

cnt : 3, dir : 2

8 8 32 64 
4 0 2 0 
8 16 64 4 
0 0 0 0 

cnt : 4, dir : 0

16 32 64 0 
4 2 0 0 
8 16 64 4 
0 0 0 0 

cnt : 4, dir : 1

0 16 32 64 
0 0 4 2 
8 16 64 4 
0 0 0 0 

cnt : 4, dir : 2

8 8 32 64 
4 16 2 4 
8 0 64 0 
0 0 0 0 

cnt : 4, dir : 3

0 0 0 0 
8 0 32 0 
4 8 2 64 
8 16 64 4 

cnt : 3, dir : 3

0 0 0 0 
8 0 32 0 
4 8 2 64 
8 16 64 4 

cnt : 4, dir : 0

0 0 0 0 
8 32 0 0 
4 8 2 64 
8 16 64 4 

cnt : 4, dir : 1

0 0 0 0 
0 0 8 32 
4 8 2 64 
8 16 64 4 

cnt : 4, dir : 2

8 8 32 64 
4 0 2 0 
8 16 64 4 
0 0 0 0 

cnt : 4, dir : 3

0 0 0 0 
8 0 32 0 
4 8 2 64 
8 16 64 4 

cnt : 2, dir : 1

0 0 0 0 
0 0 8 32 
4 8 2 64 
8 16 64 4 

cnt : 3, dir : 0

0 0 0 0 
8 0 32 0 
4 8 2 64 
8 16 64 4 

cnt : 4, dir : 0

0 0 0 0 
8 32 0 0 
4 8 2 64 
8 16 64 4 

cnt : 4, dir : 1

0 0 0 0 
0 0 8 32 
4 8 2 64 
8 16 64 4 

cnt : 4, dir : 2

8 8 32 64 
4 0 2 0 
8 16 64 4 
0 0 0 0 

cnt : 4, dir : 3

0 0 0 0 
8 0 32 0 
4 8 2 64 
8 16 64 4 

cnt : 3, dir : 1

0 0 0 0 
0 0 8 32 
4 8 2 64 
8 16 64 4 

cnt : 4, dir : 0

0 0 0 0 
8 0 32 0 
4 8 2 64 
8 16 64 4 

cnt : 4, dir : 1

0 0 0 0 
0 0 8 32 
4 8 2 64 
8 16 64 4 

cnt : 4, dir : 2

4 8 8 32 
0 0 2 64 
8 16 64 4 
0 0 0 0 

cnt : 4, dir : 3

0 0 0 0 
0 0 8 32 
4 8 2 64 
8 16 64 4 

cnt : 3, dir : 2

4 8 8 32 
0 0 2 64 
8 16 64 4 
0 0 0 0 

cnt : 4, dir : 0

4 16 32 0 
2 0 64 0 
8 16 64 4 
0 0 0 0 

cnt : 4, dir : 1

0 4 16 32 
0 0 2 64 
8 16 64 4 
0 0 0 0 

cnt : 4, dir : 2

4 8 8 32 
8 16 2 64 
0 0 64 4 
0 0 0 0 

cnt : 4, dir : 3

0 0 0 0 
0 0 8 32 
4 8 2 64 
8 16 64 4 

cnt : 3, dir : 3

0 0 0 0 
0 0 8 32 
4 8 2 64 
8 16 64 4 

cnt : 4, dir : 0

0 0 0 0 
8 0 32 0 
4 8 2 64 
8 16 64 4 

cnt : 4, dir : 1

0 0 0 0 
0 0 8 32 
4 8 2 64 
8 16 64 4 

cnt : 4, dir : 2

4 8 8 32 
0 0 2 64 
8 16 64 4 
0 0 0 0 

cnt : 4, dir : 3

0 0 0 0 
0 0 8 32 
4 8 2 64 
8 16 64 4 

cnt : 2, dir : 2

4 8 8 32 
0 0 2 64 
8 16 64 4 
0 0 0 0 

cnt : 3, dir : 0

4 16 32 0 
2 0 64 0 
8 16 64 4 
0 0 0 0 

cnt : 4, dir : 0

4 16 32 0 
2 64 0 0 
8 16 64 4 
0 0 0 0 

cnt : 4, dir : 1

0 4 16 32 
0 0 2 64 
8 16 64 4 
0 0 0 0 

cnt : 4, dir : 2

4 32 32 4 
2 0 128 0 
8 0 0 0 
0 0 0 0 

cnt : 4, dir : 3

0 0 0 0 
4 0 0 0 
2 0 32 0 
8 32 128 4 

cnt : 3, dir : 1

0 4 16 32 
0 0 2 64 
8 16 64 4 
0 0 0 0 

cnt : 4, dir : 0

4 16 32 0 
2 0 64 0 
8 16 64 4 
0 0 0 0 

cnt : 4, dir : 1

0 4 16 32 
0 0 2 64 
8 16 64 4 
0 0 0 0 

cnt : 4, dir : 2

8 4 16 32 
0 16 2 64 
0 0 64 4 
0 0 0 0 

cnt : 4, dir : 3

0 0 0 0 
0 0 16 32 
0 4 2 64 
8 16 64 4 

cnt : 3, dir : 2

4 8 8 32 
8 16 2 64 
0 0 64 4 
0 0 0 0 

cnt : 4, dir : 0

4 16 32 0 
8 16 2 64 
64 0 4 0 
0 0 0 0 

cnt : 4, dir : 1

0 4 16 32 
8 16 2 64 
0 0 64 4 
0 0 0 0 

cnt : 4, dir : 2

4 8 8 32 
8 16 2 64 
0 0 64 4 
0 0 0 0 

cnt : 4, dir : 3

0 0 0 0 
4 8 8 32 
0 0 2 64 
8 16 64 4 

cnt : 3, dir : 3

0 0 0 0 
0 0 8 32 
4 8 2 64 
8 16 64 4 

cnt : 4, dir : 0

0 0 0 0 
8 0 32 0 
4 8 2 64 
8 16 64 4 

cnt : 4, dir : 1

0 0 0 0 
0 0 8 32 
4 8 2 64 
8 16 64 4 

cnt : 4, dir : 2

4 8 8 32 
0 0 2 64 
8 16 64 4 
0 0 0 0 

cnt : 4, dir : 3

0 0 0 0 
0 0 8 32 
4 8 2 64 
8 16 64 4 

cnt : 2, dir : 3

0 0 0 0 
0 0 8 32 
4 8 2 64 
8 16 64 4 

cnt : 3, dir : 0

0 0 0 0 
8 0 32 0 
4 8 2 64 
8 16 64 4 

cnt : 4, dir : 0

0 0 0 0 
8 32 0 0 
4 8 2 64 
8 16 64 4 

cnt : 4, dir : 1

0 0 0 0 
0 0 8 32 
4 8 2 64 
8 16 64 4 

cnt : 4, dir : 2

8 8 32 64 
4 0 2 0 
8 16 64 4 
0 0 0 0 

cnt : 4, dir : 3

0 0 0 0 
8 0 32 0 
4 8 2 64 
8 16 64 4 

cnt : 3, dir : 1

0 0 0 0 
0 0 8 32 
4 8 2 64 
8 16 64 4 

cnt : 4, dir : 0

0 0 0 0 
8 0 32 0 
4 8 2 64 
8 16 64 4 

cnt : 4, dir : 1

0 0 0 0 
0 0 8 32 
4 8 2 64 
8 16 64 4 

cnt : 4, dir : 2

4 8 8 32 
0 0 2 64 
8 16 64 4 
0 0 0 0 

cnt : 4, dir : 3

0 0 0 0 
0 0 8 32 
4 8 2 64 
8 16 64 4 

cnt : 3, dir : 2

4 8 8 32 
0 0 2 64 
8 16 64 4 
0 0 0 0 

cnt : 4, dir : 0

4 16 32 0 
2 0 64 0 
8 16 64 4 
0 0 0 0 

cnt : 4, dir : 1

0 4 16 32 
0 0 2 64 
8 16 64 4 
0 0 0 0 

cnt : 4, dir : 2

4 8 8 32 
8 16 2 64 
0 0 64 4 
0 0 0 0 

cnt : 4, dir : 3

0 0 0 0 
0 0 8 32 
4 8 2 64 
8 16 64 4 

cnt : 3, dir : 3

0 0 0 0 
0 0 8 32 
4 8 2 64 
8 16 64 4 

cnt : 4, dir : 0

0 0 0 0 
8 0 32 0 
4 8 2 64 
8 16 64 4 

cnt : 4, dir : 1

0 0 0 0 
0 0 8 32 
4 8 2 64 
8 16 64 4 

cnt : 4, dir : 2

4 8 8 32 
0 0 2 64 
8 16 64 4 
0 0 0 0 

cnt : 4, dir : 3

0 0 0 0 
0 0 8 32 
4 8 2 64 
8 16 64 4 

cnt : 1, dir : 2

4 4 4 32 
0 8 2 64 
8 16 64 4 
0 0 0 0 

cnt : 2, dir : 0

8 4 32 0 
8 2 64 0 
8 16 64 4 
0 0 0 0 

cnt : 3, dir : 0

8 4 32 0 
8 2 64 0 
8 16 64 4 
0 0 0 0 

cnt : 4, dir : 0

8 4 32 0 
8 2 64 0 
8 16 64 4 
0 0 0 0 

cnt : 4, dir : 1

0 8 4 32 
0 8 2 64 
8 16 64 4 
0 0 0 0 

cnt : 4, dir : 2

16 4 32 4 
8 2 128 0 
0 16 0 0 
0 0 0 0 

cnt : 4, dir : 3

0 0 0 0 
0 4 0 0 
8 2 32 0 
16 16 128 4 

cnt : 3, dir : 1

0 8 4 32 
0 8 2 64 
8 16 64 4 
0 0 0 0 

cnt : 4, dir : 0

8 4 32 0 
8 2 64 0 
8 16 64 4 
0 0 0 0 

cnt : 4, dir : 1

0 8 4 32 
0 8 2 64 
8 16 64 4 
0 0 0 0 

cnt : 4, dir : 2

8 16 4 32 
0 16 2 64 
0 0 64 4 
0 0 0 0 

cnt : 4, dir : 3

0 0 0 0 
0 0 4 32 
0 16 2 64 
8 16 64 4 

cnt : 3, dir : 2

16 4 32 4 
8 2 128 0 
0 16 0 0 
0 0 0 0 

cnt : 4, dir : 0

16 4 32 4 
8 2 128 0 
16 0 0 0 
0 0 0 0 

cnt : 4, dir : 1

16 4 32 4 
0 8 2 128 
0 0 0 16 
0 0 0 0 

cnt : 4, dir : 2

16 4 32 4 
8 2 128 0 
0 16 0 0 
0 0 0 0 

cnt : 4, dir : 3

0 0 0 0 
16 4 32 0 
0 2 0 0 
8 16 128 4 

cnt : 3, dir : 3

0 0 0 0 
0 4 0 0 
8 2 32 0 
16 16 128 4 

cnt : 4, dir : 0

0 0 0 0 
4 0 0 0 
8 2 32 0 
32 128 4 0 

cnt : 4, dir : 1

0 0 0 0 
0 0 0 4 
0 8 2 32 
0 32 128 4 

cnt : 4, dir : 2

8 4 32 4 
0 2 0 0 
16 16 128 0 
0 0 0 0 

cnt : 4, dir : 3

0 0 0 0 
0 4 0 0 
8 2 32 0 
16 16 128 4 

cnt : 2, dir : 1

0 4 8 32 
0 8 2 64 
8 16 64 4 
0 0 0 0 

cnt : 3, dir : 0

4 8 32 0 
8 2 64 0 
8 16 64 4 
0 0 0 0 

cnt : 4, dir : 0

4 8 32 0 
8 2 64 0 
8 16 64 4 
0 0 0 0 

cnt : 4, dir : 1

0 4 8 32 
0 8 2 64 
8 16 64 4 
0 0 0 0 

cnt : 4, dir : 2

4 8 32 4 
16 2 128 0 
0 16 0 0 
0 0 0 0 

cnt : 4, dir : 3

0 0 0 0 
0 8 0 0 
4 2 32 0 
16 16 128 4 

cnt : 3, dir : 1

0 4 8 32 
0 8 2 64 
8 16 64 4 
0 0 0 0 

cnt : 4, dir : 0

4 8 32 0 
8 2 64 0 
8 16 64 4 
0 0 0 0 

cnt : 4, dir : 1

0 4 8 32 
0 8 2 64 
8 16 64 4 
0 0 0 0 

cnt : 4, dir : 2

8 4 8 32 
0 8 2 64 
0 16 64 4 
0 0 0 0 

cnt : 4, dir : 3

0 0 0 0 
0 4 8 32 
0 8 2 64 
8 16 64 4 

cnt : 3, dir : 2

8 4 8 32 
0 8 2 64 
0 16 64 4 
0 0 0 0 

cnt : 4, dir : 0

8 4 8 32 
8 2 64 0 
16 64 4 0 
0 0 0 0 

cnt : 4, dir : 1

8 4 8 32 
0 8 2 64 
0 16 64 4 
0 0 0 0 

cnt : 4, dir : 2

8 4 8 32 
0 8 2 64 
0 16 64 4 
0 0 0 0 

cnt : 4, dir : 3

0 0 0 0 
0 4 8 32 
0 8 2 64 
8 16 64 4 

cnt : 3, dir : 3

0 0 0 0 
0 4 8 32 
0 8 2 64 
8 16 64 4 

cnt : 4, dir : 0

0 0 0 0 
4 8 32 0 
8 2 64 0 
8 16 64 4 

cnt : 4, dir : 1

0 0 0 0 
0 4 8 32 
0 8 2 64 
8 16 64 4 

cnt : 4, dir : 2

8 4 8 32 
0 8 2 64 
0 16 64 4 
0 0 0 0 

cnt : 4, dir : 3

0 0 0 0 
0 4 8 32 
0 8 2 64 
8 16 64 4 

cnt : 2, dir : 2

4 4 4 32 
8 8 2 64 
0 16 64 4 
0 0 0 0 

cnt : 3, dir : 0

8 4 32 0 
16 2 64 0 
16 64 4 0 
0 0 0 0 

cnt : 4, dir : 0

8 4 32 0 
16 2 64 0 
16 64 4 0 
0 0 0 0 

cnt : 4, dir : 1

0 8 4 32 
0 16 2 64 
0 16 64 4 
0 0 0 0 

cnt : 4, dir : 2

8 4 32 0 
32 2 64 0 
0 64 4 0 
0 0 0 0 

cnt : 4, dir : 3

0 0 0 0 
0 4 32 0 
8 2 64 0 
32 64 4 0 

cnt : 3, dir : 1

0 4 8 32 
0 16 2 64 
0 16 64 4 
0 0 0 0 

cnt : 4, dir : 0

4 8 32 0 
16 2 64 0 
16 64 4 0 
0 0 0 0 

cnt : 4, dir : 1

0 4 8 32 
0 16 2 64 
0 16 64 4 
0 0 0 0 

cnt : 4, dir : 2

0 4 8 32 
0 32 2 64 
0 0 64 4 
0 0 0 0 

cnt : 4, dir : 3

0 0 0 0 
0 0 8 32 
0 4 2 64 
0 32 64 4 

cnt : 3, dir : 2

4 4 4 32 
8 8 2 64 
0 16 64 4 
0 0 0 0 

cnt : 4, dir : 0

8 4 32 0 
16 2 64 0 
16 64 4 0 
0 0 0 0 

cnt : 4, dir : 1

0 4 8 32 
0 16 2 64 
0 16 64 4 
0 0 0 0 

cnt : 4, dir : 2

4 4 4 32 
8 8 2 64 
0 16 64 4 
0 0 0 0 

cnt : 4, dir : 3

0 0 0 0 
4 4 4 32 
0 8 2 64 
8 16 64 4 

cnt : 3, dir : 3

0 0 0 0 
4 4 4 32 
0 8 2 64 
8 16 64 4 

cnt : 4, dir : 0

0 0 0 0 
8 4 32 0 
8 2 64 0 
8 16 64 4 

cnt : 4, dir : 1

0 0 0 0 
0 4 8 32 
0 8 2 64 
8 16 64 4 

cnt : 4, dir : 2

4 4 4 32 
8 8 2 64 
0 16 64 4 
0 0 0 0 

cnt : 4, dir : 3

0 0 0 0 
0 4 4 32 
4 8 2 64 
8 16 64 4 

cnt : 2, dir : 3

0 0 0 0 
0 4 4 32 
4 8 2 64 
8 16 64 4 

cnt : 3, dir : 0

0 0 0 0 
8 32 0 0 
4 8 2 64 
8 16 64 4 

cnt : 4, dir : 0

0 0 0 0 
8 32 0 0 
4 8 2 64 
8 16 64 4 

cnt : 4, dir : 1

0 0 0 0 
0 8 0 32 
4 8 2 64 
8 16 64 4 

cnt : 4, dir : 2

8 32 2 64 
4 8 0 0 
8 16 64 4 
0 0 0 0 

cnt : 4, dir : 3

0 0 0 0 
8 32 0 0 
4 8 2 64 
8 16 64 4 

cnt : 3, dir : 1

0 0 0 0 
0 0 8 32 
4 8 2 64 
8 16 64 4 

cnt : 4, dir : 0

0 0 0 0 
8 0 32 0 
4 8 2 64 
8 16 64 4 

cnt : 4, dir : 1

0 0 0 0 
0 0 8 32 
4 8 2 64 
8 16 64 4 

cnt : 4, dir : 2

4 8 8 32 
0 0 2 64 
8 16 64 4 
0 0 0 0 

cnt : 4, dir : 3

0 0 0 0 
0 0 8 32 
4 8 2 64 
8 16 64 4 

cnt : 3, dir : 2

4 4 4 32 
0 8 2 64 
8 16 64 4 
0 0 0 0 

cnt : 4, dir : 0

8 4 32 0 
8 2 64 0 
8 16 64 4 
0 0 0 0 

cnt : 4, dir : 1

0 4 8 32 
0 8 2 64 
8 16 64 4 
0 0 0 0 

cnt : 4, dir : 2

4 4 4 32 
8 8 2 64 
0 16 64 4 
0 0 0 0 

cnt : 4, dir : 3

0 0 0 0 
0 4 4 32 
4 8 2 64 
8 16 64 4 

cnt : 3, dir : 3

0 0 0 0 
0 4 4 32 
4 8 2 64 
8 16 64 4 

cnt : 4, dir : 0

0 0 0 0 
8 32 0 0 
4 8 2 64 
8 16 64 4 

cnt : 4, dir : 1

0 0 0 0 
0 0 8 32 
4 8 2 64 
8 16 64 4 

cnt : 4, dir : 2

4 4 4 32 
0 8 2 64 
8 16 64 4 
0 0 0 0 

cnt : 4, dir : 3

0 0 0 0 
0 4 4 32 
4 8 2 64 
8 16 64 4 

cnt : 1, dir : 3

0 0 0 0 
0 4 4 32 
4 8 2 64 
8 16 64 4 

cnt : 2, dir : 0

0 0 0 0 
8 32 0 0 
4 8 2 64 
8 16 64 4 

cnt : 3, dir : 0

0 0 0 0 
8 32 0 0 
4 8 2 64 
8 16 64 4 

cnt : 4, dir : 0

0 0 0 0 
8 32 0 0 
4 8 2 64 
8 16 64 4 

cnt : 4, dir : 1

0 0 0 0 
0 8 0 32 
4 8 2 64 
8 16 64 4 

cnt : 4, dir : 2

8 32 2 64 
4 8 0 0 
8 16 64 4 
0 0 0 0 

cnt : 4, dir : 3

0 0 0 0 
8 32 0 0 
4 8 2 64 
8 16 64 4 

cnt : 3, dir : 1

0 0 0 0 
0 8 0 32 
4 8 2 64 
8 16 64 4 

cnt : 4, dir : 0

0 0 0 0 
8 32 0 0 
4 8 2 64 
8 16 64 4 

cnt : 4, dir : 1

0 0 0 0 
0 0 8 32 
4 8 2 64 
8 16 64 4 

cnt : 4, dir : 2

4 16 2 32 
0 16 0 64 
8 0 64 4 
0 0 0 0 

cnt : 4, dir : 3

0 0 0 0 
0 0 0 32 
4 16 2 64 
8 16 64 4 

cnt : 3, dir : 2

8 32 2 64 
4 8 0 0 
8 16 64 4 
0 0 0 0 

cnt : 4, dir : 0

8 32 2 64 
4 8 0 0 
8 16 64 4 
0 0 0 0 

cnt : 4, dir : 1

8 32 2 64 
0 4 0 8 
8 16 64 4 
0 0 0 0 

cnt : 4, dir : 2

8 32 2 64 
4 8 64 4 
8 16 0 0 
0 0 0 0 

cnt : 4, dir : 3

0 0 0 0 
8 32 0 0 
4 8 2 64 
8 16 64 4 

cnt : 3, dir : 3

0 0 0 0 
8 32 0 0 
4 8 2 64 
8 16 64 4 

cnt : 4, dir : 0

0 0 0 0 
8 32 0 0 
4 8 2 64 
8 16 64 4 

cnt : 4, dir : 1

0 0 0 0 
0 8 0 32 
4 8 2 64 
8 16 64 4 

cnt : 4, dir : 2

8 32 2 64 
4 8 0 0 
8 16 64 4 
0 0 0 0 

cnt : 4, dir : 3

0 0 0 0 
8 32 0 0 
4 8 2 64 
8 16 64 4 

cnt : 2, dir : 1

0 0 0 0 
0 0 8 32 
4 8 2 64 
8 16 64 4 

cnt : 3, dir : 0

0 0 0 0 
8 0 32 0 
4 8 2 64 
8 16 64 4 

cnt : 4, dir : 0

0 0 0 0 
8 32 0 0 
4 8 2 64 
8 16 64 4 

cnt : 4, dir : 1

0 0 0 0 
0 0 8 32 
4 8 2 64 
8 16 64 4 

cnt : 4, dir : 2

8 8 32 64 
4 0 2 0 
8 16 64 4 
0 0 0 0 

cnt : 4, dir : 3

0 0 0 0 
8 0 32 0 
4 8 2 64 
8 16 64 4 

cnt : 3, dir : 1

0 0 0 0 
0 0 8 32 
4 8 2 64 
8 16 64 4 

cnt : 4, dir : 0

0 0 0 0 
8 0 32 0 
4 8 2 64 
8 16 64 4 

cnt : 4, dir : 1

0 0 0 0 
0 0 8 32 
4 8 2 64 
8 16 64 4 

cnt : 4, dir : 2

4 8 8 32 
0 0 2 64 
8 16 64 4 
0 0 0 0 

cnt : 4, dir : 3

0 0 0 0 
0 0 8 32 
4 8 2 64 
8 16 64 4 

cnt : 3, dir : 2

4 8 8 32 
0 0 2 64 
8 16 64 4 
0 0 0 0 

cnt : 4, dir : 0

4 16 32 0 
2 0 64 0 
8 16 64 4 
0 0 0 0 

cnt : 4, dir : 1

0 4 16 32 
0 0 2 64 
8 16 64 4 
0 0 0 0 

cnt : 4, dir : 2

4 8 8 32 
8 16 2 64 
0 0 64 4 
0 0 0 0 

cnt : 4, dir : 3

0 0 0 0 
0 0 8 32 
4 8 2 64 
8 16 64 4 

cnt : 3, dir : 3

0 0 0 0 
0 0 8 32 
4 8 2 64 
8 16 64 4 

cnt : 4, dir : 0

0 0 0 0 
8 0 32 0 
4 8 2 64 
8 16 64 4 

cnt : 4, dir : 1

0 0 0 0 
0 0 8 32 
4 8 2 64 
8 16 64 4 

cnt : 4, dir : 2

4 8 8 32 
0 0 2 64 
8 16 64 4 
0 0 0 0 

cnt : 4, dir : 3

0 0 0 0 
0 0 8 32 
4 8 2 64 
8 16 64 4 

cnt : 2, dir : 2

4 4 4 32 
0 8 2 64 
8 16 64 4 
0 0 0 0 

cnt : 3, dir : 0

8 4 32 0 
8 2 64 0 
8 16 64 4 
0 0 0 0 

cnt : 4, dir : 0

8 4 32 0 
8 2 64 0 
8 16 64 4 
0 0 0 0 

cnt : 4, dir : 1

0 8 4 32 
0 8 2 64 
8 16 64 4 
0 0 0 0 

cnt : 4, dir : 2

16 4 32 4 
8 2 128 0 
0 16 0 0 
0 0 0 0 

cnt : 4, dir : 3

0 0 0 0 
0 4 0 0 
8 2 32 0 
16 16 128 4 

cnt : 3, dir : 1

0 4 8 32 
0 8 2 64 
8 16 64 4 
0 0 0 0 

cnt : 4, dir : 0

4 8 32 0 
8 2 64 0 
8 16 64 4 
0 0 0 0 

cnt : 4, dir : 1

0 4 8 32 
0 8 2 64 
8 16 64 4 
0 0 0 0 

cnt : 4, dir : 2

8 4 8 32 
0 8 2 64 
0 16 64 4 
0 0 0 0 

cnt : 4, dir : 3

0 0 0 0 
0 4 8 32 
0 8 2 64 
8 16 64 4 

cnt : 3, dir : 2

4 4 4 32 
8 8 2 64 
0 16 64 4 
0 0 0 0 

cnt : 4, dir : 0

8 4 32 0 
16 2 64 0 
16 64 4 0 
0 0 0 0 

cnt : 4, dir : 1

0 4 8 32 
0 16 2 64 
0 16 64 4 
0 0 0 0 

cnt : 4, dir : 2

4 4 4 32 
8 8 2 64 
0 16 64 4 
0 0 0 0 

cnt : 4, dir : 3

0 0 0 0 
4 4 4 32 
0 8 2 64 
8 16 64 4 

cnt : 3, dir : 3

0 0 0 0 
0 4 4 32 
4 8 2 64 
8 16 64 4 

cnt : 4, dir : 0

0 0 0 0 
8 32 0 0 
4 8 2 64 
8 16 64 4 

cnt : 4, dir : 1

0 0 0 0 
0 0 8 32 
4 8 2 64 
8 16 64 4 

cnt : 4, dir : 2

4 4 4 32 
0 8 2 64 
8 16 64 4 
0 0 0 0 

cnt : 4, dir : 3

0 0 0 0 
0 4 4 32 
4 8 2 64 
8 16 64 4 

cnt : 2, dir : 3

0 0 0 0 
0 4 4 32 
4 8 2 64 
8 16 64 4 

cnt : 3, dir : 0

0 0 0 0 
8 32 0 0 
4 8 2 64 
8 16 64 4 

cnt : 4, dir : 0

0 0 0 0 
8 32 0 0 
4 8 2 64 
8 16 64 4 

cnt : 4, dir : 1

0 0 0 0 
0 8 0 32 
4 8 2 64 
8 16 64 4 

cnt : 4, dir : 2

8 32 2 64 
4 8 0 0 
8 16 64 4 
0 0 0 0 

cnt : 4, dir : 3

0 0 0 0 
8 32 0 0 
4 8 2 64 
8 16 64 4 

cnt : 3, dir : 1

0 0 0 0 
0 0 8 32 
4 8 2 64 
8 16 64 4 

cnt : 4, dir : 0

0 0 0 0 
8 0 32 0 
4 8 2 64 
8 16 64 4 

cnt : 4, dir : 1

0 0 0 0 
0 0 8 32 
4 8 2 64 
8 16 64 4 

cnt : 4, dir : 2

4 8 8 32 
0 0 2 64 
8 16 64 4 
0 0 0 0 

cnt : 4, dir : 3

0 0 0 0 
0 0 8 32 
4 8 2 64 
8 16 64 4 

cnt : 3, dir : 2

4 4 4 32 
0 8 2 64 
8 16 64 4 
0 0 0 0 

cnt : 4, dir : 0

8 4 32 0 
8 2 64 0 
8 16 64 4 
0 0 0 0 

cnt : 4, dir : 1

0 4 8 32 
0 8 2 64 
8 16 64 4 
0 0 0 0 

cnt : 4, dir : 2

4 4 4 32 
8 8 2 64 
0 16 64 4 
0 0 0 0 

cnt : 4, dir : 3

0 0 0 0 
0 4 4 32 
4 8 2 64 
8 16 64 4 

cnt : 3, dir : 3

0 0 0 0 
0 4 4 32 
4 8 2 64 
8 16 64 4 

cnt : 4, dir : 0

0 0 0 0 
8 32 0 0 
4 8 2 64 
8 16 64 4 

cnt : 4, dir : 1

0 0 0 0 
0 0 8 32 
4 8 2 64 
8 16 64 4 

cnt : 4, dir : 2

4 4 4 32 
0 8 2 64 
8 16 64 4 
0 0 0 0 

cnt : 4, dir : 3

0 0 0 0 
0 4 4 32 
4 8 2 64 
8 16 64 4 

128
